\BOOKMARK [-1][-]{part.1}{\376\377\000I\000\040\000P\000r\000e\000f\000a\000c\000i\000o\000s\000,\000\040\000R\000e\000p\000a\000s\000o\000\040\000y\000\040\000o\000t\000r\000a\000s\000\040\000c\000o\000n\000s\000i\000d\000e\000r\000a\000c\000i\000o\000n\000e\000s}{}% 1
\BOOKMARK [0][-]{chapter.1}{\376\377\000O\000p\000e\000r\000a\000c\000i\000o\000n\000e\000s\000\040\000s\000o\000b\000r\000e\000\040\000l\000o\000s\000\040\000n\000\372\000m\000e\000r\000o\000s\000\040\000r\000e\000a\000l\000e\000s}{part.1}% 2
\BOOKMARK [1][-]{section*.2}{\376\377\000I\000n\000t\000r\000o\000d\000u\000c\000c\000i\000\363\000n}{chapter.1}% 3
\BOOKMARK [1][-]{section.1.1}{\376\377\000E\000s\000t\000r\000u\000c\000t\000u\000r\000a\000\040\000d\000e\000\040\000l\000o\000s\000\040\000n\000\372\000m\000e\000r\000o\000s\000\040\000r\000e\000a\000l\000e\000s}{chapter.1}% 4
\BOOKMARK [1][-]{section.1.2}{\376\377\000P\000o\000t\000e\000n\000c\000i\000a\000s\000\040\000y\000\040\000L\000o\000g\000a\000r\000i\000t\000m\000o\000s}{chapter.1}% 5
\BOOKMARK [1][-]{section.1.3}{\376\377\000R\000e\000s\000o\000l\000u\000c\000i\000\363\000n\000\040\000d\000e\000\040\000e\000c\000u\000a\000c\000i\000o\000n\000e\000s\000\040\000e\000x\000p\000o\000n\000e\000n\000c\000i\000a\000l\000e\000s}{chapter.1}% 6
\BOOKMARK [1][-]{section.1.4}{\376\377\000R\000e\000s\000o\000l\000u\000c\000i\000\363\000n\000\040\000d\000e\000\040\000e\000c\000u\000a\000c\000i\000o\000n\000e\000s\000\040\000l\000o\000g\000a\000r\000\355\000t\000m\000i\000c\000a\000s}{chapter.1}% 7
\BOOKMARK [0][-]{chapter.2}{\376\377\000P\000o\000l\000i\000n\000o\000m\000i\000o\000s\000\040\000s\000o\000b\000r\000e\000\040\000e\000l\000\040\000c\000u\000e\000r\000p\000o\000\040\000d\000e\000\040\000l\000o\000s\000\040\000r\000e\000a\000l\000e\000s\000\040\000y\000\040\000e\000c\000u\000a\000c\000i\000o\000n\000e\000s}{part.1}% 8
\BOOKMARK [1][-]{section.2.1}{\376\377\000C\000o\000n\000c\000e\000p\000t\000o\000s\000\040\000b\000\341\000s\000i\000c\000o\000s}{chapter.2}% 9
\BOOKMARK [1][-]{section.2.2}{\376\377\000O\000p\000e\000r\000a\000c\000i\000o\000n\000e\000s\000\040\000c\000o\000n\000\040\000p\000o\000l\000i\000n\000o\000m\000i\000o\000s}{chapter.2}% 10
\BOOKMARK [1][-]{section.2.3}{\376\377\000D\000i\000v\000i\000s\000i\000b\000i\000l\000i\000d\000a\000d\000\040\000d\000e\000\040\000p\000o\000l\000i\000n\000o\000m\000i\000o\000s}{chapter.2}% 11
\BOOKMARK [0][-]{chapter.3}{\376\377\000E\000c\000u\000a\000c\000i\000o\000n\000e\000s\000\040\000p\000o\000l\000i\000n\000\363\000m\000i\000c\000a\000s}{part.1}% 12
\BOOKMARK [1][-]{section.3.1}{\376\377\000E\000c\000u\000a\000c\000i\000o\000n\000e\000s\000\040\000l\000i\000n\000e\000a\000l\000e\000s}{chapter.3}% 13
\BOOKMARK [1][-]{section.3.2}{\376\377\000E\000c\000u\000a\000c\000i\000o\000n\000e\000s\000\040\000p\000a\000r\000a\000b\000\363\000l\000i\000c\000a\000s}{chapter.3}% 14
\BOOKMARK [1][-]{section.3.3}{\376\377\000E\000c\000u\000a\000c\000i\000o\000n\000e\000s\000\040\000d\000e\000\040\000g\000r\000a\000d\000o\000\040\000m\000a\000y\000o\000r\000\040\000q\000u\000e\000\040\0002}{chapter.3}% 15
\BOOKMARK [0][-]{chapter.4}{\376\377\000I\000n\000e\000c\000u\000a\000c\000i\000o\000n\000e\000s}{part.1}% 16
\BOOKMARK [1][-]{section.4.1}{\376\377\000I\000n\000e\000c\000u\000a\000c\000i\000o\000n\000e\000s\000\040\000l\000i\000n\000e\000a\000l\000e\000s}{chapter.4}% 17
\BOOKMARK [1][-]{section.4.2}{\376\377\000I\000n\000e\000c\000u\000a\000c\000i\000o\000n\000e\000s\000\040\000n\000o\000\040\000l\000i\000n\000e\000a\000l\000e\000s}{chapter.4}% 18
\BOOKMARK [-1][-]{part.2}{\376\377\000I\000I\000\040\000A\000n\000\341\000l\000i\000s\000i\000s\000\040\000M\000a\000t\000e\000m\000\341\000t\000i\000c\000o}{}% 19
\BOOKMARK [0][-]{chapter.5}{\376\377\000L\000a\000s\000\040\000s\000u\000c\000e\000s\000i\000o\000n\000e\000s\000\040\000s\000o\000b\000r\000e\000\040\000R}{part.2}% 20
\BOOKMARK [0][-]{chapter.6}{\376\377\000L\000a\000s\000\040\000f\000u\000n\000c\000i\000o\000n\000e\000s\000\040\000s\000o\000b\000r\000e\000\040\000R}{part.2}% 21
\BOOKMARK [0][-]{chapter.7}{\376\377\000D\000e\000r\000i\000v\000a\000b\000i\000l\000i\000d\000a\000d\000\040\000s\000o\000b\000r\000e\000\040\000R}{part.2}% 22
\BOOKMARK [0][-]{chapter.8}{\376\377\000A\000p\000l\000i\000c\000a\000c\000i\000o\000n\000e\000s\000\040\000d\000e\000\040\000l\000a\000\040\000d\000e\000r\000i\000v\000a\000d\000a}{part.2}% 23
\BOOKMARK [0][-]{chapter.9}{\376\377\000R\000e\000p\000r\000e\000s\000e\000n\000t\000a\000c\000i\000\363\000n\000\040\000d\000e\000\040\000f\000u\000n\000c\000i\000o\000n\000e\000s}{part.2}% 24
\BOOKMARK [0][-]{chapter.10}{\376\377\000I\000n\000t\000e\000g\000r\000a\000c\000i\000\363\000n\000\040\000s\000o\000b\000r\000e\000\040\000R}{part.2}% 25
\BOOKMARK [-1][-]{part.3}{\376\377\000I\000I\000I\000\040\000E\000j\000e\000r\000c\000i\000c\000i\000o\000s\000\040\000d\000e\000\040\000A\000n\000\341\000l\000i\000s\000i\000s\000\040\000M\000a\000t\000e\000m\000\341\000t\000i\000c\000o}{}% 26
\BOOKMARK [0][-]{chapter.11}{\376\377\000R\000e\000p\000r\000e\000s\000e\000n\000t\000a\000c\000i\000\363\000n\000\040\000d\000e\000\040\000f\000u\000n\000c\000i\000o\000n\000e\000s}{part.3}% 27
\BOOKMARK [1][-]{section*.6}{\376\377\000I\000n\000t\000r\000o\000d\000u\000c\000c\000i\000\363\000n}{chapter.11}% 28
\BOOKMARK [1][-]{section.11.1}{\376\377\000F\000u\000n\000c\000i\000o\000n\000e\000s\000\040\000p\000o\000l\000i\000n\000\363\000m\000i\000c\000a\000s}{chapter.11}% 29
\BOOKMARK [1][-]{section.11.2}{\376\377\000F\000u\000n\000c\000i\000o\000n\000e\000s\000\040\000r\000a\000c\000i\000o\000n\000a\000l\000e\000s}{chapter.11}% 30
\BOOKMARK [1][-]{section.11.3}{\376\377\000F\000u\000n\000c\000i\000o\000n\000e\000s\000\040\000i\000r\000r\000a\000c\000i\000o\000n\000a\000l\000e\000s}{chapter.11}% 31
\BOOKMARK [1][-]{section.11.4}{\376\377\000F\000u\000n\000c\000i\000o\000n\000e\000s\000\040\000e\000x\000p\000o\000n\000e\000n\000c\000i\000a\000l\000e\000s}{chapter.11}% 32
\BOOKMARK [1][-]{section.11.5}{\376\377\000F\000u\000n\000c\000i\000o\000n\000e\000s\000\040\000l\000o\000g\000a\000r\000\355\000t\000m\000i\000c\000a\000s}{chapter.11}% 33
\BOOKMARK [1][-]{section.11.6}{\376\377\000F\000u\000n\000c\000i\000o\000n\000e\000s\000\040\000t\000r\000i\000g\000o\000n\000o\000m\000\351\000t\000r\000i\000c\000a\000s}{chapter.11}% 34
\BOOKMARK [-1][-]{part.4}{\376\377\000I\000V\000\040\000\301\000l\000g\000e\000b\000r\000a\000\040\000l\000i\000n\000e\000a\000l}{}% 35
\BOOKMARK [0][-]{chapter.12}{\376\377\000E\000s\000p\000a\000c\000i\000o\000s\000\040\000V\000e\000c\000t\000o\000r\000i\000a\000l\000e\000s\000\040}{part.4}% 36
\BOOKMARK [0][-]{chapter.13}{\376\377\000A\000p\000l\000i\000c\000a\000c\000i\000o\000n\000e\000s\000\040\000l\000i\000n\000e\000a\000l\000e\000s}{part.4}% 37
\BOOKMARK [0][-]{chapter.14}{\376\377\000M\000a\000t\000r\000i\000c\000e\000s}{part.4}% 38
\BOOKMARK [0][-]{chapter.15}{\376\377\000D\000e\000t\000e\000r\000m\000i\000n\000a\000n\000t\000e\000s}{part.4}% 39
\BOOKMARK [0][-]{chapter.16}{\376\377\000D\000i\000s\000c\000u\000s\000i\000\363\000n\000\040\000d\000e\000\040\000s\000i\000s\000t\000e\000m\000a\000s}{part.4}% 40
\BOOKMARK [-1][-]{part.5}{\376\377\000V\000\040\000C\000\341\000l\000c\000u\000l\000o\000\040\000d\000e\000\040\000p\000r\000o\000b\000a\000b\000i\000l\000i\000d\000a\000d\000e\000s}{}% 41
\BOOKMARK [0][-]{chapter.17}{\376\377\000P\000r\000o\000b\000a\000b\000i\000l\000i\000d\000a\000d\000e\000s\000\040\000b\000\341\000s\000i\000c\000a\000s}{part.5}% 42
\BOOKMARK [0][-]{chapter.18}{\376\377\000V\000a\000r\000i\000a\000b\000l\000e\000s\000\040\000a\000l\000e\000a\000t\000o\000r\000i\000a\000s\000\040\000d\000i\000s\000c\000r\000e\000t\000a\000s}{part.5}% 43
\BOOKMARK [0][-]{chapter.19}{\376\377\000V\000a\000r\000i\000a\000b\000l\000e\000s\000\040\000a\000l\000e\000a\000t\000o\000r\000i\000a\000s\000\040\000c\000o\000n\000t\000i\000n\000u\000a\000s}{part.5}% 44
