This is pdfTeX, Version 3.141592653-2.6-1.40.24 (MiKTeX 23.1) (preloaded format=pdflatex 2023.3.27)  12 MAY 2023 10:44
entering extended mode
 restricted \write18 enabled.
 %&-line parsing enabled.
**./master.tex
(master.tex
LaTeX2e <2022-11-01> patch level 1
L3 programming layer <2023-02-22>
(C:\Users\Pedro\AppData\Local\Programs\MiKTeX\tex/latex/base\book.cls
Document Class: book 2022/07/02 v1.4n Standard LaTeX document class
(C:\Users\Pedro\AppData\Local\Programs\MiKTeX\tex/latex/base\bk12.clo
File: bk12.clo 2022/07/02 v1.4n Standard LaTeX file (size option)
)
\c@part=\count185
\c@chapter=\count186
\c@section=\count187
\c@subsection=\count188
\c@subsubsection=\count189
\c@paragraph=\count190
\c@subparagraph=\count191
\c@figure=\count192
\c@table=\count193
\abovecaptionskip=\skip48
\belowcaptionskip=\skip49
\bibindent=\dimen140
)
(C:\Users\Pedro\AppData\Local\Programs\MiKTeX\tex/generic/babel\babel.sty
Package: babel 2023/02/13 3.86 The Babel package
\babel@savecnt=\count194
\U@D=\dimen141
\l@unhyphenated=\language79

(C:\Users\Pedro\AppData\Local\Programs\MiKTeX\tex/generic/babel\txtbabel.def)
\bbl@readstream=\read2
\bbl@dirlevel=\count195

*************************************
* Local config file bblopts.cfg used
*
(C:\Users\Pedro\AppData\Local\Programs\MiKTeX\tex/latex/arabi\bblopts.cfg
File: bblopts.cfg 2005/09/08 v0.1 add Arabic and Farsi to "declared" options of
 babel
)
(C:\Users\Pedro\AppData\Local\Programs\MiKTeX\tex/latex/babel-spanish\spanish.l
df
Language: spanish.ldf 2021/05/27 v5.0q Spanish support from the babel system
\es@quottoks=\toks16
\es@quotdepth=\count196
Package babel Info: Making " an active character on input line 570.
Package babel Info: Making . an active character on input line 675.
Package babel Info: Making < an active character on input line 722.
Package babel Info: Making > an active character on input line 722.
))
(C:\Users\Pedro\AppData\Local\Programs\MiKTeX\tex/generic/babel/locale/es\babel
-spanish.tex
Package babel Info: Importing font and identification data for spanish
(babel)             from babel-es.ini. Reported on input line 11.
)
(C:\Users\Pedro\AppData\Local\Programs\MiKTeX\tex/latex/amsmath\amsmath.sty
Package: amsmath 2022/04/08 v2.17n AMS math features
\@mathmargin=\skip50

For additional information on amsmath, use the `?' option.
(C:\Users\Pedro\AppData\Local\Programs\MiKTeX\tex/latex/amsmath\amstext.sty
Package: amstext 2021/08/26 v2.01 AMS text

(C:\Users\Pedro\AppData\Local\Programs\MiKTeX\tex/latex/amsmath\amsgen.sty
File: amsgen.sty 1999/11/30 v2.0 generic functions
\@emptytoks=\toks17
\ex@=\dimen142
))
(C:\Users\Pedro\AppData\Local\Programs\MiKTeX\tex/latex/amsmath\amsbsy.sty
Package: amsbsy 1999/11/29 v1.2d Bold Symbols
\pmbraise@=\dimen143
)
(C:\Users\Pedro\AppData\Local\Programs\MiKTeX\tex/latex/amsmath\amsopn.sty
Package: amsopn 2022/04/08 v2.04 operator names
)
\inf@bad=\count197
LaTeX Info: Redefining \frac on input line 234.
\uproot@=\count198
\leftroot@=\count199
LaTeX Info: Redefining \overline on input line 399.
LaTeX Info: Redefining \colon on input line 410.
\classnum@=\count266
\DOTSCASE@=\count267
LaTeX Info: Redefining \ldots on input line 496.
LaTeX Info: Redefining \dots on input line 499.
LaTeX Info: Redefining \cdots on input line 620.
\Mathstrutbox@=\box51
\strutbox@=\box52
LaTeX Info: Redefining \big on input line 722.
LaTeX Info: Redefining \Big on input line 723.
LaTeX Info: Redefining \bigg on input line 724.
LaTeX Info: Redefining \Bigg on input line 725.
\big@size=\dimen144
LaTeX Font Info:    Redeclaring font encoding OML on input line 743.
LaTeX Font Info:    Redeclaring font encoding OMS on input line 744.
\macc@depth=\count268
LaTeX Info: Redefining \bmod on input line 905.
LaTeX Info: Redefining \pmod on input line 910.
LaTeX Info: Redefining \smash on input line 940.
LaTeX Info: Redefining \relbar on input line 970.
LaTeX Info: Redefining \Relbar on input line 971.
\c@MaxMatrixCols=\count269
\dotsspace@=\muskip16
\c@parentequation=\count270
\dspbrk@lvl=\count271
\tag@help=\toks18
\row@=\count272
\column@=\count273
\maxfields@=\count274
\andhelp@=\toks19
\eqnshift@=\dimen145
\alignsep@=\dimen146
\tagshift@=\dimen147
\tagwidth@=\dimen148
\totwidth@=\dimen149
\lineht@=\dimen150
\@envbody=\toks20
\multlinegap=\skip51
\multlinetaggap=\skip52
\mathdisplay@stack=\toks21
LaTeX Info: Redefining \[ on input line 2953.
LaTeX Info: Redefining \] on input line 2954.
)
(C:\Users\Pedro\AppData\Local\Programs\MiKTeX\tex/latex/graphics\graphicx.sty
Package: graphicx 2021/09/16 v1.2d Enhanced LaTeX Graphics (DPC,SPQR)

(C:\Users\Pedro\AppData\Local\Programs\MiKTeX\tex/latex/graphics\keyval.sty
Package: keyval 2022/05/29 v1.15 key=value parser (DPC)
\KV@toks@=\toks22
)
(C:\Users\Pedro\AppData\Local\Programs\MiKTeX\tex/latex/graphics\graphics.sty
Package: graphics 2022/03/10 v1.4e Standard LaTeX Graphics (DPC,SPQR)

(C:\Users\Pedro\AppData\Local\Programs\MiKTeX\tex/latex/graphics\trig.sty
Package: trig 2021/08/11 v1.11 sin cos tan (DPC)
)
(C:\Users\Pedro\AppData\Local\Programs\MiKTeX\tex/latex/graphics-cfg\graphics.c
fg
File: graphics.cfg 2016/06/04 v1.11 sample graphics configuration
)
Package graphics Info: Driver file: pdftex.def on input line 107.

(C:\Users\Pedro\AppData\Local\Programs\MiKTeX\tex/latex/graphics-def\pdftex.def
File: pdftex.def 2022/09/22 v1.2b Graphics/color driver for pdftex
))
\Gin@req@height=\dimen151
\Gin@req@width=\dimen152
)
(C:\Users\Pedro\AppData\Local\Programs\MiKTeX\tex/latex/amsfonts\amsfonts.sty
Package: amsfonts 2013/01/14 v3.01 Basic AMSFonts support
\symAMSa=\mathgroup4
\symAMSb=\mathgroup5
LaTeX Font Info:    Redeclaring math symbol \hbar on input line 98.
LaTeX Font Info:    Overwriting math alphabet `\mathfrak' in version `bold'
(Font)                  U/euf/m/n --> U/euf/b/n on input line 106.
)
(C:\Users\Pedro\AppData\Local\Programs\MiKTeX\tex/latex/amsfonts\amssymb.sty
Package: amssymb 2013/01/14 v3.01 AMS font symbols
)
(C:\Users\Pedro\AppData\Local\Programs\MiKTeX\tex/latex/tools\indentfirst.sty
Package: indentfirst 1995/11/23 v1.03 Indent first paragraph (DPC)
)
(C:\Users\Pedro\AppData\Local\Programs\MiKTeX\tex/latex/tools\enumerate.sty
Package: enumerate 2015/07/23 v3.00 enumerate extensions (DPC)
\@enLab=\toks23
)
(C:\Users\Pedro\AppData\Local\Programs\MiKTeX\tex/latex/fancyhdr\fancyhdr.sty
Package: fancyhdr 2022/11/09 v4.1 Extensive control of page headers and footers

\f@nch@headwidth=\skip53
\f@nch@O@elh=\skip54
\f@nch@O@erh=\skip55
\f@nch@O@olh=\skip56
\f@nch@O@orh=\skip57
\f@nch@O@elf=\skip58
\f@nch@O@erf=\skip59
\f@nch@O@olf=\skip60
\f@nch@O@orf=\skip61
)
(C:\Users\Pedro\AppData\Local\Programs\MiKTeX\tex/latex/fancybox\fancybox.sty
Package: fancybox 2010/05/15 1.4

Style option: `fancybox' v1.4 <2010/05/15> (tvz)
\@fancybox=\box53
\shadowsize=\dimen153
\@Sbox=\box54
\do@VerbBox=\toks24
\the@fancyput=\toks25
\this@fancyput=\toks26
\EndVerbatimTokens=\toks27
\Verbatim@Outfile=\write3
\Verbatim@Infile=\read3
) (C:\Users\Pedro\AppData\Local\Programs\MiKTeX\tex/latex/lastpage\lastpage.sty
Package: lastpage 2023/03/07 v2.0a lastpage: 2.09 or 2e? (HMM)

(C:\Users\Pedro\AppData\Local\Programs\MiKTeX\tex/latex/lastpage\lastpage2e.sty
Package: lastpage2e 2023/03/07 v2.0a Decide which 2e lastpage version to use (H
MM)

(C:\Users\Pedro\AppData\Local\Programs\MiKTeX\tex/latex/lastpage\lastpagemodern
.sty
Package: lastpagemodern 2023-03-07 v2.0a Refers to last page's name (HMM; JPG)
) 
)) (C:\Users\Pedro\AppData\Local\Programs\MiKTeX\tex/latex/graphics\color.sty
Package: color 2022/01/06 v1.3d Standard LaTeX Color (DPC)

(C:\Users\Pedro\AppData\Local\Programs\MiKTeX\tex/latex/graphics-cfg\color.cfg
File: color.cfg 2016/01/02 v1.6 sample color configuration
)
Package color Info: Driver file: pdftex.def on input line 149.
(C:\Users\Pedro\AppData\Local\Programs\MiKTeX\tex/latex/graphics\mathcolor.ltx)
) (C:\Users\Pedro\AppData\Local\Programs\MiKTeX\tex/latex/amscls\amsthm.sty
Package: amsthm 2020/05/29 v2.20.6
\thm@style=\toks28
\thm@bodyfont=\toks29
\thm@headfont=\toks30
\thm@notefont=\toks31
\thm@headpunct=\toks32
\thm@preskip=\skip62
\thm@postskip=\skip63
\thm@headsep=\skip64
\dth@everypar=\toks33
)
(C:\Users\Pedro\AppData\Local\Programs\MiKTeX\tex/latex/listings\listings.sty
\lst@mode=\count275
\lst@gtempboxa=\box55
\lst@token=\toks34
\lst@length=\count276
\lst@currlwidth=\dimen154
\lst@column=\count277
\lst@pos=\count278
\lst@lostspace=\dimen155
\lst@width=\dimen156
\lst@newlines=\count279
\lst@lineno=\count280
\lst@maxwidth=\dimen157

(C:\Users\Pedro\AppData\Local\Programs\MiKTeX\tex/latex/listings\lstmisc.sty
File: lstmisc.sty 2023/02/27 1.9 (Carsten Heinz)
\c@lstnumber=\count281
\lst@skipnumbers=\count282
\lst@framebox=\box56
)
(C:\Users\Pedro\AppData\Local\Programs\MiKTeX\tex/latex/listings\listings.cfg
File: listings.cfg 2023/02/27 1.9 listings configuration
))
Package: listings 2023/02/27 1.9 (Carsten Heinz)
(C:\Users\Pedro\AppData\Local\Programs\MiKTeX\tex/latex/titlesec\titlesec.sty
Package: titlesec 2021/07/05 v2.14 Sectioning titles
\ttl@box=\box57
\beforetitleunit=\skip65
\aftertitleunit=\skip66
\ttl@plus=\dimen158
\ttl@minus=\dimen159
\ttl@toksa=\toks35
\titlewidth=\dimen160
\titlewidthlast=\dimen161
\titlewidthfirst=\dimen162
)
(C:\Users\Pedro\AppData\Local\Programs\MiKTeX\tex/latex/titlesec\titletoc.sty
Package: titletoc 2021/07/05 v2.14 TOC entries
\ttl@leftsep=\dimen163
)
(C:\Users\Pedro\AppData\Local\Programs\MiKTeX\tex/latex/subfig\subfig.sty
Package: subfig 2005/06/28 ver: 1.3 subfig package

(C:\Users\Pedro\AppData\Local\Programs\MiKTeX\tex/latex/caption\caption.sty
Package: caption 2023/03/12 v3.6j Customizing captions (AR)

(C:\Users\Pedro\AppData\Local\Programs\MiKTeX\tex/latex/caption\caption3.sty
Package: caption3 2023/03/12 v2.4 caption3 kernel (AR)
\caption@tempdima=\dimen164
\captionmargin=\dimen165
\caption@leftmargin=\dimen166
\caption@rightmargin=\dimen167
\caption@width=\dimen168
\caption@indent=\dimen169
\caption@parindent=\dimen170
\caption@hangindent=\dimen171
Package caption Info: Standard document class detected.
)
\c@caption@flags=\count283
\c@continuedfloat=\count284
Package caption Info: listings package is loaded.
)
\c@KVtest=\count285
\sf@farskip=\skip67
\sf@captopadj=\dimen172
\sf@capskip=\skip68
\sf@nearskip=\skip69
\c@subfigure=\count286
\c@subfigure@save=\count287
\c@lofdepth=\count288
\c@subtable=\count289
\c@subtable@save=\count290
\c@lotdepth=\count291
\sf@top=\skip70
\sf@bottom=\skip71
) (C:\Users\Pedro\AppData\Local\Programs\MiKTeX\tex/latex/base\makeidx.sty
Package: makeidx 2021/10/04 v1.0m Standard LaTeX package
)
(C:\Users\Pedro\AppData\Local\Programs\MiKTeX\tex/generic/xypic\xy.sty
(C:\Users\Pedro\AppData\Local\Programs\MiKTeX\tex/generic/xypic\xy.tex
Bootstrap'ing: catcodes, docmode,
(C:\Users\Pedro\AppData\Local\Programs\MiKTeX\tex/generic/xypic\xyrecat.tex)
(C:\Users\Pedro\AppData\Local\Programs\MiKTeX\tex/generic/xypic\xyidioms.tex)

 Xy-pic version 3.8.9 <2013/10/06>
 Copyright (c) 1991-2013 by Kristoffer H. Rose <krisrose@tug.org> and others
 Xy-pic is free software: see the User's Guide for details.

Loading kernel: messages; fonts; allocations: state,
\X@c=\dimen173
\Y@c=\dimen174
\U@c=\dimen175
\D@c=\dimen176
\L@c=\dimen177
\R@c=\dimen178
\Edge@c=\toks36
\X@p=\dimen179
\Y@p=\dimen180
\U@p=\dimen181
\D@p=\dimen182
\L@p=\dimen183
\R@p=\dimen184
\Edge@p=\toks37
\X@origin=\dimen185
\Y@origin=\dimen186
\X@xbase=\dimen187
\Y@xbase=\dimen188
\X@ybase=\dimen189
\Y@ybase=\dimen190
\X@min=\dimen191
\Y@min=\dimen192
\X@max=\dimen193
\Y@max=\dimen194
\lastobjectbox@=\box58
\zerodotbox@=\box59
\almostz@=\dimen195
 direction,
\d@X=\dimen196
\d@Y=\dimen197
\K@=\count292
\KK@=\count293
\Direction=\count294
\K@dXdY=\dimen198
\K@dYdX=\dimen199
\xyread@=\read4
\xywrite@=\write4
\csp@=\count295
\quotPTK@=\dimen256

utility macros; pictures: \xy, positions,
\swaptoks@@=\toks38
\connectobjectbox@@=\box60
 objects,
\styletoks@=\toks39
 decorations;
kernel objects: directionals, circles, text; options; algorithms: directions,
edges, connections;  Xy-pic loaded)
(C:\Users\Pedro\AppData\Local\Programs\MiKTeX\tex/generic/iftex\ifpdf.sty
Package: ifpdf 2019/10/25 v3.4 ifpdf legacy package. Use iftex instead.

(C:\Users\Pedro\AppData\Local\Programs\MiKTeX\tex/generic/iftex\iftex.sty
Package: iftex 2022/02/03 v1.0f TeX engine tests
))
Package: xy 2013/10/06 Xy-pic version 3.8.9

(C:\Users\Pedro\AppData\Local\Programs\MiKTeX\tex/generic/xypic\xyall.tex
 Xy-pic option: All features v.3.8
(C:\Users\Pedro\AppData\Local\Programs\MiKTeX\tex/generic/xypic\xycurve.tex
 Xy-pic option: Curve and Spline extension v.3.12 curve,
\crv@cnt@=\count296
\crvpts@=\toks40
\splinebox@=\box61
\splineval@=\dimen257
\splinedepth@=\dimen258
\splinetol@=\dimen259
\splinelength@=\dimen260
 circles,
\L@=\dimen261
 loaded)
(C:\Users\Pedro\AppData\Local\Programs\MiKTeX\tex/generic/xypic\xyframe.tex
 Xy-pic option: Frame and Bracket extension v.3.14 loaded)
(C:\Users\Pedro\AppData\Local\Programs\MiKTeX\tex/generic/xypic\xycmtip.tex
 Xy-pic option: Computer Modern tip extension v.3.7
(C:\Users\Pedro\AppData\Local\Programs\MiKTeX\tex/generic/xypic\xytips.tex
 Xy-pic option: More Tips extension v.3.11 loaded) loaded)
(C:\Users\Pedro\AppData\Local\Programs\MiKTeX\tex/generic/xypic\xyline.tex
 Xy-pic option: Line styles extension v.3.10
\xylinethick@=\dimen262
 loaded)
(C:\Users\Pedro\AppData\Local\Programs\MiKTeX\tex/generic/xypic\xyrotate.tex
 Xy-pic option: Rotate and Scale extension v.3.8 loaded)
(C:\Users\Pedro\AppData\Local\Programs\MiKTeX\tex/generic/xypic\xycolor.tex
 Xy-pic option: Colour extension v.3.11 loaded)
(C:\Users\Pedro\AppData\Local\Programs\MiKTeX\tex/generic/xypic\xymatrix.tex
 Xy-pic option: Matrix feature v.3.14
\Row=\count297
\Col=\count298
\queue@=\toks41
\queue@@=\toks42
\qcount@=\count299
\qcount@@=\count300
\matrixsize@=\count301
 loaded)
(C:\Users\Pedro\AppData\Local\Programs\MiKTeX\tex/generic/xypic\xyarrow.tex
 Xy-pic option: Arrow and Path feature v.3.9 path, \ar, loaded)
(C:\Users\Pedro\AppData\Local\Programs\MiKTeX\tex/generic/xypic\xygraph.tex
 Xy-pic option: Graph feature v.3.11 loaded) loaded)
(C:\Users\Pedro\AppData\Local\Programs\MiKTeX\tex/generic/xypic\xypdf.tex
 Xy-pic option: PDF driver v.1.7 Xy-pic pdf driver: `color' extension support
(C:\Users\Pedro\AppData\Local\Programs\MiKTeX\tex/generic/xypic\xypdf-co.tex
loaded) Xy-pic pdf driver: `curve' extension support
(C:\Users\Pedro\AppData\Local\Programs\MiKTeX\tex/generic/xypic\xypdf-cu.tex
loaded) Xy-pic pdf driver: `frame' extension support
(C:\Users\Pedro\AppData\Local\Programs\MiKTeX\tex/generic/xypic\xypdf-fr.tex
loaded) Xy-pic pdf driver: `line' extension support
(C:\Users\Pedro\AppData\Local\Programs\MiKTeX\tex/generic/xypic\xypdf-li.tex
loaded) Xy-pic pdf driver: `rotate' extension support
(C:\Users\Pedro\AppData\Local\Programs\MiKTeX\tex/generic/xypic\xypdf-ro.tex
loaded) loaded))
\c@defi=\count302
\c@propo=\count303
\c@coro=\count304
\c@teorema=\count305
\c@ejercicio=\count306
\c@ejemplo=\count307

(C:\Users\Pedro\AppData\Local\Programs\MiKTeX\tex/latex/srcltx\srcltx.sty
Package: srcltx 2006/11/12 v1.6 Source specials for inverse search in DVI files


(C:\Users\Pedro\AppData\Local\Programs\MiKTeX\tex/latex/base\ifthen.sty
Package: ifthen 2022/04/13 v1.1d Standard LaTeX ifthen package (DPC)
)
\src@lastline=\count308
\src@new@everypar=\toks43
\src@new@output=\toks44
)
(C:\Users\Pedro\AppData\Local\Programs\MiKTeX\tex/latex/hyperref\hyperref.sty
Package: hyperref 2023-02-07 v7.00v Hypertext links for LaTeX

(C:\Users\Pedro\AppData\Local\Programs\MiKTeX\tex/generic/ltxcmds\ltxcmds.sty
Package: ltxcmds 2020-05-10 v1.25 LaTeX kernel commands for general use (HO)
)
(C:\Users\Pedro\AppData\Local\Programs\MiKTeX\tex/generic/pdftexcmds\pdftexcmds
.sty
Package: pdftexcmds 2020-06-27 v0.33 Utility functions of pdfTeX for LuaTeX (HO
)

(C:\Users\Pedro\AppData\Local\Programs\MiKTeX\tex/generic/infwarerr\infwarerr.s
ty
Package: infwarerr 2019/12/03 v1.5 Providing info/warning/error messages (HO)
)
Package pdftexcmds Info: \pdf@primitive is available.
Package pdftexcmds Info: \pdf@ifprimitive is available.
Package pdftexcmds Info: \pdfdraftmode found.
)
(C:\Users\Pedro\AppData\Local\Programs\MiKTeX\tex/latex/kvsetkeys\kvsetkeys.sty
Package: kvsetkeys 2022-10-05 v1.19 Key value parser (HO)
)
(C:\Users\Pedro\AppData\Local\Programs\MiKTeX\tex/generic/kvdefinekeys\kvdefine
keys.sty
Package: kvdefinekeys 2019-12-19 v1.6 Define keys (HO)
)
(C:\Users\Pedro\AppData\Local\Programs\MiKTeX\tex/generic/pdfescape\pdfescape.s
ty
Package: pdfescape 2019/12/09 v1.15 Implements pdfTeX's escape features (HO)
) (C:\Users\Pedro\AppData\Local\Programs\MiKTeX\tex/latex/hycolor\hycolor.sty
Package: hycolor 2020-01-27 v1.10 Color options for hyperref/bookmark (HO)
)
(C:\Users\Pedro\AppData\Local\Programs\MiKTeX\tex/latex/letltxmacro\letltxmacro
.sty
Package: letltxmacro 2019/12/03 v1.6 Let assignment for LaTeX macros (HO)
)
(C:\Users\Pedro\AppData\Local\Programs\MiKTeX\tex/latex/auxhook\auxhook.sty
Package: auxhook 2019-12-17 v1.6 Hooks for auxiliary files (HO)
)
(C:\Users\Pedro\AppData\Local\Programs\MiKTeX\tex/latex/hyperref\nameref.sty
Package: nameref 2022-05-17 v2.50 Cross-referencing by name of section

(C:\Users\Pedro\AppData\Local\Programs\MiKTeX\tex/latex/refcount\refcount.sty
Package: refcount 2019/12/15 v3.6 Data extraction from label references (HO)
)
(C:\Users\Pedro\AppData\Local\Programs\MiKTeX\tex/generic/gettitlestring\gettit
lestring.sty
Package: gettitlestring 2019/12/15 v1.6 Cleanup title references (HO)

(C:\Users\Pedro\AppData\Local\Programs\MiKTeX\tex/latex/kvoptions\kvoptions.sty
Package: kvoptions 2022-06-15 v3.15 Key value format for package options (HO)
))
\c@section@level=\count309
)
\@linkdim=\dimen263
\Hy@linkcounter=\count310
\Hy@pagecounter=\count311
Package srcltx Info: Expanded filename `pd1enc.def' to `pd1enc.def.tex' on inpu
t line 733.

:<+ pd1enc.def.tex
(C:\Users\Pedro\AppData\Local\Programs\MiKTeX\tex/latex/hyperref\pd1enc.def
File: pd1enc.def 2023-02-07 v7.00v Hyperref: PDFDocEncoding definition (HO)
Now handling font encoding PD1 ...
... no UTF-8 mapping file for font encoding PD1
)
:<-
(C:\Users\Pedro\AppData\Local\Programs\MiKTeX\tex/generic/intcalc\intcalc.sty
Package: intcalc 2019/12/15 v1.3 Expandable calculations with integers (HO)
)
(C:\Users\Pedro\AppData\Local\Programs\MiKTeX\tex/generic/etexcmds\etexcmds.sty
Package: etexcmds 2019/12/15 v1.7 Avoid name clashes with e-TeX commands (HO)
)
\Hy@SavedSpaceFactor=\count312
Package srcltx Info: Expanded filename `puenc.def' to `puenc.def.tex' on input 
line 2497.

:<+ puenc.def.tex
(C:\Users\Pedro\AppData\Local\Programs\MiKTeX\tex/latex/hyperref\puenc.def
File: puenc.def 2023-02-07 v7.00v Hyperref: PDF Unicode definition (HO)
Now handling font encoding PU ...
... no UTF-8 mapping file for font encoding PU
)
:<-
Package hyperref Info: Hyper figures OFF on input line 4177.
Package hyperref Info: Link nesting OFF on input line 4182.
Package hyperref Info: Hyper index ON on input line 4185.
Package hyperref Info: Plain pages OFF on input line 4192.
Package hyperref Info: Backreferencing OFF on input line 4197.
Package hyperref Info: Implicit mode ON; LaTeX internals redefined.
Package hyperref Info: Bookmarks ON on input line 4425.
\c@Hy@tempcnt=\count313
(C:\Users\Pedro\AppData\Local\Programs\MiKTeX\tex/latex/url\url.sty
\Urlmuskip=\muskip17
Package: url 2013/09/16  ver 3.4  Verb mode for urls, etc.
)
LaTeX Info: Redefining \url on input line 4763.
\XeTeXLinkMargin=\dimen264

(C:\Users\Pedro\AppData\Local\Programs\MiKTeX\tex/generic/bitset\bitset.sty
Package: bitset 2019/12/09 v1.3 Handle bit-vector datatype (HO)

(C:\Users\Pedro\AppData\Local\Programs\MiKTeX\tex/generic/bigintcalc\bigintcalc
.sty
Package: bigintcalc 2019/12/15 v1.5 Expandable calculations on big integers (HO
)
))
\Fld@menulength=\count314
\Field@Width=\dimen265
\Fld@charsize=\dimen266
Package hyperref Info: Hyper figures OFF on input line 6042.
Package hyperref Info: Link nesting OFF on input line 6047.
Package hyperref Info: Hyper index ON on input line 6050.
Package hyperref Info: backreferencing OFF on input line 6057.
Package hyperref Info: Link coloring OFF on input line 6062.
Package hyperref Info: Link coloring with OCG OFF on input line 6067.
Package hyperref Info: PDF/A mode OFF on input line 6072.

(C:\Users\Pedro\AppData\Local\Programs\MiKTeX\tex/latex/base\atbegshi-ltx.sty
Package: atbegshi-ltx 2021/01/10 v1.0c Emulation of the original atbegshi
package with kernel methods
)
\Hy@abspage=\count315
\c@Item=\count316
\c@Hfootnote=\count317
)
Package hyperref Info: Driver (autodetected): hpdftex.
Package srcltx Info: Expanded filename `hpdftex.def' to `hpdftex.def.tex' on in
put line 50.
:<+ hpdftex.def.tex
(C:\Users\Pedro\AppData\Local\Programs\MiKTeX\tex/latex/hyperref\hpdftex.def
File: hpdftex.def 2023-02-07 v7.00v Hyperref driver for pdfTeX

(C:\Users\Pedro\AppData\Local\Programs\MiKTeX\tex/latex/base\atveryend-ltx.sty
Package: atveryend-ltx 2020/08/19 v1.0a Emulation of the original atveryend pac
kage
with kernel methods
)
\Fld@listcount=\count318
\c@bookmark@seq@number=\count319

(C:\Users\Pedro\AppData\Local\Programs\MiKTeX\tex/latex/rerunfilecheck\rerunfil
echeck.sty
Package: rerunfilecheck 2022-07-10 v1.10 Rerun checks for auxiliary files (HO)

(C:\Users\Pedro\AppData\Local\Programs\MiKTeX\tex/generic/uniquecounter\uniquec
ounter.sty
Package: uniquecounter 2019/12/15 v1.4 Provide unlimited unique counter (HO)
)
Package uniquecounter Info: New unique counter `rerunfilecheck' on input line 2
85.
)
\Hy@SectionHShift=\skip72
)
:<-
Package hyperref Info: Option `colorlinks' set `true' on input line 51.
Package hyperref Info: Option `bookmarksopen' set `false' on input line 52.
Package hyperref Info: Option `bookmarksnumbered' set `true' on input line 52.
\@indexfile=\write5
\openout5 = `master.idx'.

Writing index file master.idx
(C:\Users\Pedro\AppData\Local\Programs\MiKTeX\tex/latex/pdfpages\pdfpages.sty
Package: pdfpages 2022/12/19 v0.5x Insert pages of external PDF documents (AM)

(C:\Users\Pedro\AppData\Local\Programs\MiKTeX\tex/latex/tools\calc.sty
Package: calc 2017/05/25 v4.3 Infix arithmetic (KKT,FJ)
\calc@Acount=\count320
\calc@Bcount=\count321
\calc@Adimen=\dimen267
\calc@Bdimen=\dimen268
\calc@Askip=\skip73
\calc@Bskip=\skip74
LaTeX Info: Redefining \setlength on input line 80.
LaTeX Info: Redefining \addtolength on input line 81.
\calc@Ccount=\count322
\calc@Cskip=\skip75
)
(C:\Users\Pedro\AppData\Local\Programs\MiKTeX\tex/latex/eso-pic\eso-pic.sty
Package: eso-pic 2023/05/03 v3.0c eso-pic (RN)
\ESO@tempdima=\dimen269
\ESO@tempdimb=\dimen270
)
\AM@pagewidth=\dimen271
\AM@pageheight=\dimen272
\AM@fboxrule=\dimen273
Package srcltx Info: Expanded filename `pppdftex.def' to `pppdftex.def.tex' on 
input line 79.

:<+ pppdftex.def.tex
(C:\Users\Pedro\AppData\Local\Programs\MiKTeX\tex/latex/pdfpages\pppdftex.def
File: pppdftex.def 2022/12/19 v0.5x Pdfpages driver for pdfTeX (AM)
)
:<-
\pdfpages@includegraphics@status=\count323
\AM@pagebox=\box62
\AM@global@opts=\toks45
\AM@pagecnt=\count324
\AM@toc@title=\toks46
\AM@lof@heading=\toks47
\c@AM@survey=\count325
\AM@templatesizebox=\box63
) (C:\Users\Pedro\AppData\Local\Programs\MiKTeX\tex/latex/geometry\geometry.sty
Package: geometry 2020/01/02 v5.9 Page Geometry
(C:\Users\Pedro\AppData\Local\Programs\MiKTeX\tex/generic/iftex\ifvtex.sty
Package: ifvtex 2019/10/25 v1.7 ifvtex legacy package. Use iftex instead.
)
\Gm@cnth=\count326
\Gm@cntv=\count327
\c@Gm@tempcnt=\count328
\Gm@bindingoffset=\dimen274
\Gm@wd@mp=\dimen275
\Gm@odd@mp=\dimen276
\Gm@even@mp=\dimen277
\Gm@layoutwidth=\dimen278
\Gm@layoutheight=\dimen279
\Gm@layouthoffset=\dimen280
\Gm@layoutvoffset=\dimen281
\Gm@dimlist=\toks48

(C:\Users\Pedro\AppData\Local\Programs\MiKTeX\tex/latex/geometry\geometry.cfg))

(C:\Users\Pedro\AppData\Local\Programs\MiKTeX\tex/latex/l3backend\l3backend-pdf
tex.def
File: l3backend-pdftex.def 2023-01-16 L3 backend support: PDF output (pdfTeX)
\l__color_backend_stack_int=\count329
\l__pdf_internal_box=\box64
) (master.aux
LaTeX Info: Redefining \. on input line 22.
LaTeX Info: Redefining \% on input line 22.
)
\openout1 = `master.aux'.

LaTeX Font Info:    Checking defaults for OML/cmm/m/it on input line 92.
LaTeX Font Info:    ... okay on input line 92.
LaTeX Font Info:    Checking defaults for OMS/cmsy/m/n on input line 92.
LaTeX Font Info:    ... okay on input line 92.
LaTeX Font Info:    Checking defaults for OT1/cmr/m/n on input line 92.
LaTeX Font Info:    ... okay on input line 92.
LaTeX Font Info:    Checking defaults for T1/cmr/m/n on input line 92.
LaTeX Font Info:    ... okay on input line 92.
LaTeX Font Info:    Checking defaults for TS1/cmr/m/n on input line 92.
LaTeX Font Info:    ... okay on input line 92.
LaTeX Font Info:    Checking defaults for OMX/cmex/m/n on input line 92.
LaTeX Font Info:    ... okay on input line 92.
LaTeX Font Info:    Checking defaults for U/cmr/m/n on input line 92.
LaTeX Font Info:    ... okay on input line 92.
LaTeX Font Info:    Checking defaults for PD1/pdf/m/n on input line 92.
LaTeX Font Info:    ... okay on input line 92.
LaTeX Font Info:    Checking defaults for PU/pdf/m/n on input line 92.
LaTeX Font Info:    ... okay on input line 92.
LaTeX Info: Redefining \. on input line 92.
LaTeX Info: Redefining \% on input line 92.

(C:\Users\Pedro\AppData\Local\Programs\MiKTeX\tex/context/base/mkii\supp-pdf.mk
ii
[Loading MPS to PDF converter (version 2006.09.02).]
\scratchcounter=\count330
\scratchdimen=\dimen282
\scratchbox=\box65
\nofMPsegments=\count331
\nofMParguments=\count332
\everyMPshowfont=\toks49
\MPscratchCnt=\count333
\MPscratchDim=\dimen283
\MPnumerator=\count334
\makeMPintoPDFobject=\count335
\everyMPtoPDFconversion=\toks50
)
(C:\Users\Pedro\AppData\Local\Programs\MiKTeX\tex/latex/epstopdf-pkg\epstopdf-b
ase.sty
Package: epstopdf-base 2020-01-24 v2.11 Base part for package epstopdf
Package epstopdf-base Info: Redefining graphics rule for `.eps' on input line 4
85.

(C:\Users\Pedro\AppData\Local\Programs\MiKTeX\tex/latex/00miktex\epstopdf-sys.c
fg
File: epstopdf-sys.cfg 2021/03/18 v2.0 Configuration of epstopdf for MiKTeX
))
\c@lstlisting=\count336
Package caption Info: Begin \AtBeginDocument code.
Package caption Info: subfig package v1.3 is loaded.
Package caption Info: hyperref package is loaded.
Package caption Info: End \AtBeginDocument code.
LaTeX Font Info:    Trying to load font information for U+msa on input line 92.

 (C:\Users\Pedro\AppData\Local\Programs\MiKTeX\tex/latex/amsfonts\umsa.fd
File: umsa.fd 2013/01/14 v3.01 AMS symbols A
)
LaTeX Font Info:    Trying to load font information for U+msb on input line 92.


(C:\Users\Pedro\AppData\Local\Programs\MiKTeX\tex/latex/amsfonts\umsb.fd
File: umsb.fd 2013/01/14 v3.01 AMS symbols B
)
Package xypdf Info: Line width: 0.47998pt on input line 92.
Package hyperref Info: Link coloring ON on input line 92.

(master.out) (master.out)
\@outlinefile=\write6
\openout6 = `master.out'.


(C:\Users\Pedro\AppData\Local\Programs\MiKTeX\tex/latex/pdflscape\pdflscape.sty
Package: pdflscape 2022-10-27 v0.13 Display of landscape pages in PDF

(C:\Users\Pedro\AppData\Local\Programs\MiKTeX\tex/latex/pdflscape\pdflscape-nom
etadata.sty
Package: pdflscape-nometadata 2022-10-28 v0.13 Display of landscape pages in PD
F (HO)

(C:\Users\Pedro\AppData\Local\Programs\MiKTeX\tex/latex/graphics\lscape.sty
Package: lscape 2020/05/28 v3.02 Landscape Pages (DPC)
)
Package pdflscape Info: Auto-detected driver: pdftex on input line 81.
))
*geometry* driver: auto-detecting
*geometry* detected driver: pdftex
*geometry* verbose mode - [ preamble ] result:
* driver: pdftex
* paper: a4paper
* layout: <same size as paper>
* layoutoffset:(h,v)=(0.0pt,0.0pt)
* modes: twoside 
* h-part:(L,W,R)=(56.9055pt, 483.69687pt, 56.9055pt)
* v-part:(T,H,B)=(56.9055pt, 731.23584pt, 56.9055pt)
* \paperwidth=597.50787pt
* \paperheight=845.04684pt
* \textwidth=483.69687pt
* \textheight=731.23584pt
* \oddsidemargin=-15.36449pt
* \evensidemargin=-15.36449pt
* \topmargin=-47.23828pt
* \headheight=12.0pt
* \headsep=19.8738pt
* \topskip=12.0pt
* \footskip=30.0pt
* \marginparwidth=88.0pt
* \marginparsep=7.0pt
* \columnsep=10.0pt
* \skip\footins=10.8pt plus 4.0pt minus 2.0pt
* \hoffset=0.0pt
* \voffset=0.0pt
* \mag=1000
* \@twocolumnfalse
* \@twosidetrue
* \@mparswitchtrue
* \@reversemarginfalse
* (1in=72.27pt=25.4mm, 1cm=28.453pt)

[1


{C:/Users/Pedro/AppData/Local/MiKTeX/fonts/map/pdftex/pdftex.map}]
(master.toc
LaTeX Info: Redefining \. on input line 1.
LaTeX Info: Redefining \% on input line 1.
)
\tf@toc=\write7
\openout7 = `master.toc'.

Package srcltx Info: Expanded filename `Tema1.tex' to `Tema1.tex' on input line
 95.

:<+ Tema1.tex
(Tema1.tex [2

]
Cap\'{\i }tulo 1.

Package hyperref Warning: Token not allowed in a PDF string (Unicode):
(hyperref)                removing `math shift' on input line 1.


Package hyperref Warning: Token not allowed in a PDF string (Unicode):
(hyperref)                removing `math shift' on input line 1.

[3

]
<C:/Users/Pedro/Documents/apuntes-particulares/3ยบ de la ESO/Imรกgenes/Tema1-ej
ercicio1.png, id=59, 549.55313pt x 216.81pt>
File: C:/Users/Pedro/Documents/apuntes-particulares/3ยบ de la ESO/Imรกgenes/Tem
a1-ejercicio1.png Graphic file (type png)
<use C:/Users/Pedro/Documents/apuntes-particulares/3ยบ de la ESO/Imรกgenes/Tema
1-ejercicio1.png>
Package pdftex.def Info: C:/Users/Pedro/Documents/apuntes-particulares/3ยบ de l
a ESO/Imรกgenes/Tema1-ejercicio1.png  used on input line 63.
(pdftex.def)             Requested size: 412.16383pt x 162.60709pt.


pdfTeX warning: pdflatex (file C:/Users/Pedro/Documents/apuntes-particulares/3ย
บ de la ESO/Ejercicios/Ud01_Racionales.pdf): PDF inclusion: found PDF version <
1.7>, but at most version <1.5> allowed
<C:/Users/Pedro/Documents/apuntes-particulares/3ยบ de la ESO/Ejercicios/Ud01_Ra
cionales.pdf, id=61, 597.50786pt x 845.04686pt>
File: C:/Users/Pedro/Documents/apuntes-particulares/3ยบ de la ESO/Ejercicios/Ud
01_Racionales.pdf Graphic file (type pdf)
<use C:/Users/Pedro/Documents/apuntes-particulares/3ยบ de la ESO/Ejercicios/Ud0
1_Racionales.pdf>
Package pdftex.def Info: C:/Users/Pedro/Documents/apuntes-particulares/3ยบ de l
a ESO/Ejercicios/Ud01_Racionales.pdf  used on input line 65.
(pdftex.def)             Requested size: 597.5064pt x 845.0448pt.


pdfTeX warning: pdflatex (file C:/Users/Pedro/Documents/apuntes-particulares/3ย
บ de la ESO/Ejercicios/Ud01_Racionales.pdf): PDF inclusion: found PDF version <
1.7>, but at most version <1.5> allowed
File: C:/Users/Pedro/Documents/apuntes-particulares/3ยบ de la ESO/Ejercicios/Ud
01_Racionales.pdf Graphic file (type pdf)
<use C:/Users/Pedro/Documents/apuntes-particulares/3ยบ de la ESO/Ejercicios/Ud0
1_Racionales.pdf>
Package pdftex.def Info: C:/Users/Pedro/Documents/apuntes-particulares/3ยบ de l
a ESO/Ejercicios/Ud01_Racionales.pdf  used on input line 65.
(pdftex.def)             Requested size: 597.5064pt x 845.0448pt.


pdfTeX warning: pdflatex (file C:/Users/Pedro/Documents/apuntes-particulares/3ย
บ de la ESO/Ejercicios/Ud01_Racionales.pdf): PDF inclusion: found PDF version <
1.7>, but at most version <1.5> allowed


pdfTeX warning: pdflatex (file C:/Users/Pedro/Documents/apuntes-particulares/3ย
บ de la ESO/Ejercicios/Ud01_Racionales.pdf): PDF inclusion: found PDF version <
1.7>, but at most version <1.5> allowed
<C:/Users/Pedro/Documents/apuntes-particulares/3ยบ de la ESO/Ejercicios/Ud01_Ra
cionales.pdf, id=64, page=7, 597.50786pt x 845.04686pt>
File: C:/Users/Pedro/Documents/apuntes-particulares/3ยบ de la ESO/Ejercicios/Ud
01_Racionales.pdf Graphic file (type pdf)
<use C:/Users/Pedro/Documents/apuntes-particulares/3ยบ de la ESO/Ejercicios/Ud0
1_Racionales.pdf, page 7>
Package pdftex.def Info: C:/Users/Pedro/Documents/apuntes-particulares/3ยบ de l
a ESO/Ejercicios/Ud01_Racionales.pdf , page7 used on input line 65.
(pdftex.def)             Requested size: 597.5064pt x 845.0448pt.
File: C:/Users/Pedro/Documents/apuntes-particulares/3ยบ de la ESO/Ejercicios/Ud
01_Racionales.pdf Graphic file (type pdf)
<use C:/Users/Pedro/Documents/apuntes-particulares/3ยบ de la ESO/Ejercicios/Ud0
1_Racionales.pdf, page 7>
Package pdftex.def Info: C:/Users/Pedro/Documents/apuntes-particulares/3ยบ de l
a ESO/Ejercicios/Ud01_Racionales.pdf , page7 used on input line 65.
(pdftex.def)             Requested size: 597.53374pt x 845.08348pt.
LaTeX Info: Redefining \. on input line 65.
LaTeX Info: Redefining \% on input line 65.
[4 <C:/Users/Pedro/Documents/apuntes-particulares/3ยบ de la ESO/Imรกgenes/Tema1
-ejercicio1.png>]
File: C:/Users/Pedro/Documents/apuntes-particulares/3ยบ de la ESO/Ejercicios/Ud
01_Racionales.pdf Graphic file (type pdf)
<use C:/Users/Pedro/Documents/apuntes-particulares/3ยบ de la ESO/Ejercicios/Ud0
1_Racionales.pdf, page 7>
Package pdftex.def Info: C:/Users/Pedro/Documents/apuntes-particulares/3ยบ de l
a ESO/Ejercicios/Ud01_Racionales.pdf , page7 used on input line 65.
(pdftex.def)             Requested size: 597.53374pt x 845.08348pt.
File: C:/Users/Pedro/Documents/apuntes-particulares/3ยบ de la ESO/Ejercicios/Ud
01_Racionales.pdf Graphic file (type pdf)
<use C:/Users/Pedro/Documents/apuntes-particulares/3ยบ de la ESO/Ejercicios/Ud0
1_Racionales.pdf, page 7>
Package pdftex.def Info: C:/Users/Pedro/Documents/apuntes-particulares/3ยบ de l
a ESO/Ejercicios/Ud01_Racionales.pdf , page7 used on input line 65.
(pdftex.def)             Requested size: 597.53374pt x 845.08348pt.
File: C:/Users/Pedro/Documents/apuntes-particulares/3ยบ de la ESO/Ejercicios/Ud
01_Racionales.pdf Graphic file (type pdf)
<use C:/Users/Pedro/Documents/apuntes-particulares/3ยบ de la ESO/Ejercicios/Ud0
1_Racionales.pdf, page 7>
Package pdftex.def Info: C:/Users/Pedro/Documents/apuntes-particulares/3ยบ de l
a ESO/Ejercicios/Ud01_Racionales.pdf , page7 used on input line 65.
(pdftex.def)             Requested size: 597.53374pt x 845.08348pt.
 [5 <C:/Users/Pedro/Documents/apuntes-particulares/3ยบ de la ESO/Ejercicios/Ud0
1_Racionales.pdf>]
<C:/Users/Pedro/Documents/apuntes-particulares/3ยบ de la ESO/Imรกgenes/Division
_fracc.png, id=150, 264.23718pt x 48.93282pt>
File: C:/Users/Pedro/Documents/apuntes-particulares/3ยบ de la ESO/Imรกgenes/Div
ision_fracc.png Graphic file (type png)
<use C:/Users/Pedro/Documents/apuntes-particulares/3ยบ de la ESO/Imรกgenes/Divi
sion_fracc.png>
Package pdftex.def Info: C:/Users/Pedro/Documents/apuntes-particulares/3ยบ de l
a ESO/Imรกgenes/Division_fracc.png  used on input line 73.
(pdftex.def)             Requested size: 198.17738pt x 36.69951pt.


pdfTeX warning: pdflatex (file C:/Users/Pedro/Documents/apuntes-particulares/3ย
บ de la ESO/Ejercicios/Openq.pdf): PDF inclusion: found PDF version <1.6>, but 
at most version <1.5> allowed
<C:/Users/Pedro/Documents/apuntes-particulares/3ยบ de la ESO/Ejercicios/Openq.p
df, id=151, 597.45204pt x 845.1575pt>
File: C:/Users/Pedro/Documents/apuntes-particulares/3ยบ de la ESO/Ejercicios/Op
enq.pdf Graphic file (type pdf)
<use C:/Users/Pedro/Documents/apuntes-particulares/3ยบ de la ESO/Ejercicios/Ope
nq.pdf>
Package pdftex.def Info: C:/Users/Pedro/Documents/apuntes-particulares/3ยบ de l
a ESO/Ejercicios/Openq.pdf  used on input line 83.
(pdftex.def)             Requested size: 597.45058pt x 845.15544pt.


pdfTeX warning: pdflatex (file C:/Users/Pedro/Documents/apuntes-particulares/3ย
บ de la ESO/Ejercicios/Openq.pdf): PDF inclusion: found PDF version <1.6>, but 
at most version <1.5> allowed
File: C:/Users/Pedro/Documents/apuntes-particulares/3ยบ de la ESO/Ejercicios/Op
enq.pdf Graphic file (type pdf)
<use C:/Users/Pedro/Documents/apuntes-particulares/3ยบ de la ESO/Ejercicios/Ope
nq.pdf>
Package pdftex.def Info: C:/Users/Pedro/Documents/apuntes-particulares/3ยบ de l
a ESO/Ejercicios/Openq.pdf  used on input line 83.
(pdftex.def)             Requested size: 597.45058pt x 845.15544pt.


pdfTeX warning: pdflatex (file C:/Users/Pedro/Documents/apuntes-particulares/3ย
บ de la ESO/Ejercicios/Openq.pdf): PDF inclusion: found PDF version <1.6>, but 
at most version <1.5> allowed


pdfTeX warning: pdflatex (file C:/Users/Pedro/Documents/apuntes-particulares/3ย
บ de la ESO/Ejercicios/Openq.pdf): PDF inclusion: found PDF version <1.6>, but 
at most version <1.5> allowed
<C:/Users/Pedro/Documents/apuntes-particulares/3ยบ de la ESO/Ejercicios/Openq.p
df, id=154, page=1, 597.45204pt x 845.1575pt>
File: C:/Users/Pedro/Documents/apuntes-particulares/3ยบ de la ESO/Ejercicios/Op
enq.pdf Graphic file (type pdf)
<use C:/Users/Pedro/Documents/apuntes-particulares/3ยบ de la ESO/Ejercicios/Ope
nq.pdf, page 1>
Package pdftex.def Info: C:/Users/Pedro/Documents/apuntes-particulares/3ยบ de l
a ESO/Ejercicios/Openq.pdf , page1 used on input line 83.
(pdftex.def)             Requested size: 597.45058pt x 845.15544pt.
File: C:/Users/Pedro/Documents/apuntes-particulares/3ยบ de la ESO/Ejercicios/Op
enq.pdf Graphic file (type pdf)
<use C:/Users/Pedro/Documents/apuntes-particulares/3ยบ de la ESO/Ejercicios/Ope
nq.pdf, page 1>
Package pdftex.def Info: C:/Users/Pedro/Documents/apuntes-particulares/3ยบ de l
a ESO/Ejercicios/Openq.pdf , page1 used on input line 83.
(pdftex.def)             Requested size: 597.55997pt x 845.31018pt.
LaTeX Info: Redefining \. on input line 83.
LaTeX Info: Redefining \% on input line 83.
[6 <C:/Users/Pedro/Documents/apuntes-particulares/3ยบ de la ESO/Imรกgenes/Divis
ion_fracc.png>]
File: C:/Users/Pedro/Documents/apuntes-particulares/3ยบ de la ESO/Ejercicios/Op
enq.pdf Graphic file (type pdf)
<use C:/Users/Pedro/Documents/apuntes-particulares/3ยบ de la ESO/Ejercicios/Ope
nq.pdf, page 1>
Package pdftex.def Info: C:/Users/Pedro/Documents/apuntes-particulares/3ยบ de l
a ESO/Ejercicios/Openq.pdf , page1 used on input line 83.
(pdftex.def)             Requested size: 597.55997pt x 845.31018pt.
File: C:/Users/Pedro/Documents/apuntes-particulares/3ยบ de la ESO/Ejercicios/Op
enq.pdf Graphic file (type pdf)
<use C:/Users/Pedro/Documents/apuntes-particulares/3ยบ de la ESO/Ejercicios/Ope
nq.pdf, page 1>
Package pdftex.def Info: C:/Users/Pedro/Documents/apuntes-particulares/3ยบ de l
a ESO/Ejercicios/Openq.pdf , page1 used on input line 83.
(pdftex.def)             Requested size: 597.55997pt x 845.31018pt.
File: C:/Users/Pedro/Documents/apuntes-particulares/3ยบ de la ESO/Ejercicios/Op
enq.pdf Graphic file (type pdf)
<use C:/Users/Pedro/Documents/apuntes-particulares/3ยบ de la ESO/Ejercicios/Ope
nq.pdf, page 1>
Package pdftex.def Info: C:/Users/Pedro/Documents/apuntes-particulares/3ยบ de l
a ESO/Ejercicios/Openq.pdf , page1 used on input line 83.
(pdftex.def)             Requested size: 597.55997pt x 845.31018pt.
 [7 <C:/Users/Pedro/Documents/apuntes-particulares/3ยบ de la ESO/Ejercicios/Ope
nq.pdf>])
:<-
LaTeX Info: Redefining \. on input line 96.
LaTeX Info: Redefining \% on input line 96.
[8] 
enddocument/afterlastpage: lastpage setting LastPage.
(master.aux
LaTeX Info: Redefining \. on input line 22.
LaTeX Info: Redefining \% on input line 22.
)
Package rerunfilecheck Info: File `master.out' has not changed.
(rerunfilecheck)             Checksum: 25782A9C57D52572F2796EB78D67B9B6;864.
 ) 
Here is how much of TeX's memory you used:
 18961 strings out of 476334
 301621 string characters out of 5787971
 1861382 words of memory out of 5000000
 39033 multiletter control sequences out of 15000+600000
 527579 words of font info for 94 fonts, out of 8000000 for 9000
 1141 hyphenation exceptions out of 8191
 75i,17n,79p,3251b,600s stack positions out of 10000i,1000n,20000p,200000b,200000s
 <C:\Users\Pedro\AppData\Local\MiKTeX\fonts/pk/ljfour/jknappen/ec/dpi600\tcrm
2074.pk><C:/Users/Pedro/AppData/Local/Programs/MiKTeX/fonts/type1/public/amsfon
ts/cm/cmbx12.pfb><C:/Users/Pedro/AppData/Local/Programs/MiKTeX/fonts/type1/publ
ic/amsfonts/cm/cmmi12.pfb><C:/Users/Pedro/AppData/Local/Programs/MiKTeX/fonts/t
ype1/public/amsfonts/cm/cmmi8.pfb><C:/Users/Pedro/AppData/Local/Programs/MiKTeX
/fonts/type1/public/amsfonts/cm/cmr12.pfb><C:/Users/Pedro/AppData/Local/Program
s/MiKTeX/fonts/type1/public/amsfonts/cm/cmr17.pfb><C:/Users/Pedro/AppData/Local
/Programs/MiKTeX/fonts/type1/public/amsfonts/cm/cmr8.pfb><C:/Users/Pedro/AppDat
a/Local/Programs/MiKTeX/fonts/type1/public/amsfonts/cm/cmsl12.pfb><C:/Users/Ped
ro/AppData/Local/Programs/MiKTeX/fonts/type1/public/amsfonts/cm/cmsy10.pfb><C:/
Users/Pedro/AppData/Local/Programs/MiKTeX/fonts/type1/public/amsfonts/cm/cmsy8.
pfb><C:/Users/Pedro/AppData/Local/Programs/MiKTeX/fonts/type1/public/amsfonts/c
m/cmti12.pfb><C:/Users/Pedro/AppData/Local/Programs/MiKTeX/fonts/type1/public/a
msfonts/symbols/msbm10.pfb>
Output written on master.pdf (8 pages, 380841 bytes).
PDF statistics:
 251 PDF objects out of 1000 (max. 8388607)
 30 named destinations out of 1000 (max. 500000)
 83 words of extra memory for PDF output out of 10000 (max. 10000000)

