\BOOKMARK [-1][-]{part.1}{\376\377\000I\000\040\000P\000r\000e\000f\000a\000c\000i\000o\000s\000,\000\040\000R\000e\000p\000a\000s\000o\000\040\000y\000\040\000o\000t\000r\000a\000s\000\040\000c\000o\000n\000s\000i\000d\000e\000r\000a\000c\000i\000o\000n\000e\000s}{}% 1
\BOOKMARK [0][-]{chapter.1}{\376\377\000O\000p\000e\000r\000a\000c\000i\000o\000n\000e\000s\000\040\000s\000o\000b\000r\000e\000\040\000l\000o\000s\000\040\000n\000\372\000m\000e\000r\000o\000s\000\040\000r\000e\000a\000l\000e\000s}{part.1}% 2
\BOOKMARK [0][-]{section*.4}{\376\377\000I\000n\000t\000r\000o\000d\000u\000c\000c\000i\000\363\000n}{part.1}% 3
\BOOKMARK [1][-]{section.1.1}{\376\377\000E\000s\000t\000r\000u\000c\000t\000u\000r\000a\000\040\000d\000e\000\040\000l\000o\000s\000\040\000n\000\372\000m\000e\000r\000o\000s\000\040\000r\000e\000a\000l\000e\000s}{section*.4}% 4
\BOOKMARK [1][-]{section.1.2}{\376\377\000P\000o\000t\000e\000n\000c\000i\000a\000s\000\040\000y\000\040\000L\000o\000g\000a\000r\000i\000t\000m\000o\000s}{section*.4}% 5
\BOOKMARK [1][-]{section.1.3}{\376\377\000R\000e\000s\000o\000l\000u\000c\000i\000\363\000n\000\040\000d\000e\000\040\000e\000c\000u\000a\000c\000i\000o\000n\000e\000s\000\040\000e\000x\000p\000o\000n\000e\000n\000c\000i\000a\000l\000e\000s}{section*.4}% 6
\BOOKMARK [1][-]{section.1.4}{\376\377\000R\000e\000s\000o\000l\000u\000c\000i\000\363\000n\000\040\000d\000e\000\040\000e\000c\000u\000a\000c\000i\000o\000n\000e\000s\000\040\000l\000o\000g\000a\000r\000\355\000t\000m\000i\000c\000a\000s}{section*.4}% 7
\BOOKMARK [0][-]{chapter.2}{\376\377\000P\000o\000l\000i\000n\000o\000m\000i\000o\000s\000\040\000s\000o\000b\000r\000e\000\040\000e\000l\000\040\000c\000u\000e\000r\000p\000o\000\040\000d\000e\000\040\000l\000o\000s\000\040\000r\000e\000a\000l\000e\000s\000\040\000y\000\040\000e\000c\000u\000a\000c\000i\000o\000n\000e\000s}{part.1}% 8
\BOOKMARK [1][-]{section.2.1}{\376\377\000C\000o\000n\000c\000e\000p\000t\000o\000s\000\040\000b\000\341\000s\000i\000c\000o\000s}{chapter.2}% 9
\BOOKMARK [1][-]{section.2.2}{\376\377\000O\000p\000e\000r\000a\000c\000i\000o\000n\000e\000s\000\040\000c\000o\000n\000\040\000p\000o\000l\000i\000n\000o\000m\000i\000o\000s}{chapter.2}% 10
\BOOKMARK [1][-]{section.2.3}{\376\377\000D\000i\000v\000i\000s\000i\000b\000i\000l\000i\000d\000a\000d\000\040\000d\000e\000\040\000p\000o\000l\000i\000n\000o\000m\000i\000o\000s}{chapter.2}% 11
\BOOKMARK [0][-]{chapter.3}{\376\377\000E\000c\000u\000a\000c\000i\000o\000n\000e\000s\000\040\000p\000o\000l\000i\000n\000\363\000m\000i\000c\000a\000s}{part.1}% 12
\BOOKMARK [1][-]{section.3.1}{\376\377\000E\000c\000u\000a\000c\000i\000o\000n\000e\000s\000\040\000l\000i\000n\000e\000a\000l\000e\000s}{chapter.3}% 13
\BOOKMARK [1][-]{section.3.2}{\376\377\000E\000c\000u\000a\000c\000i\000o\000n\000e\000s\000\040\000p\000a\000r\000a\000b\000\363\000l\000i\000c\000a\000s}{chapter.3}% 14
\BOOKMARK [1][-]{section.3.3}{\376\377\000E\000c\000u\000a\000c\000i\000o\000n\000e\000s\000\040\000d\000e\000\040\000g\000r\000a\000d\000o\000\040\000m\000a\000y\000o\000r\000\040\000q\000u\000e\000\040\0002}{chapter.3}% 15
\BOOKMARK [0][-]{chapter.4}{\376\377\000I\000n\000e\000c\000u\000a\000c\000i\000o\000n\000e\000s}{part.1}% 16
\BOOKMARK [1][-]{section.4.1}{\376\377\000I\000n\000e\000c\000u\000a\000c\000i\000o\000n\000e\000s\000\040\000l\000i\000n\000e\000a\000l\000e\000s}{chapter.4}% 17
\BOOKMARK [1][-]{section.4.2}{\376\377\000I\000n\000e\000c\000u\000a\000c\000i\000o\000n\000e\000s\000\040\000n\000o\000\040\000l\000i\000n\000e\000a\000l\000e\000s}{chapter.4}% 18
\BOOKMARK [-1][-]{part.2}{\376\377\000I\000I\000\040\000A\000n\000\341\000l\000i\000s\000i\000s\000\040\000M\000a\000t\000e\000m\000\341\000t\000i\000c\000o}{}% 19
\BOOKMARK [0][-]{chapter.5}{\376\377\000P\000r\000e\000\341\000m\000b\000u\000l\000o\000s\000\040\000p\000a\000r\000a\000\040\000a\000n\000\341\000l\000i\000s\000i\000s}{part.2}% 20
\BOOKMARK [1][-]{section.5.1}{\376\377\000T\000o\000p\000o\000l\000o\000g\000\355\000a\000\040\000s\000o\000b\000r\000e\000\040\000R}{chapter.5}% 21
\BOOKMARK [0][-]{chapter.6}{\376\377\000C\000\341\000l\000c\000u\000l\000o\000\040\000d\000e\000\040\000L\000\355\000m\000i\000t\000e\000s}{part.2}% 22
\BOOKMARK [1][-]{section.6.1}{\376\377\000P\000r\000e\000\341\000m\000b\000u\000l\000o\000\040\000s\000o\000b\000r\000e\000\040\000l\000a\000s\000\040\000s\000u\000c\000e\000s\000i\000o\000n\000e\000s\000\040\000r\000e\000a\000l\000e\000s}{chapter.6}% 23
\BOOKMARK [1][-]{section.6.2}{\376\377\000D\000e\000f\000i\000n\000i\000c\000i\000\363\000n}{chapter.6}% 24
\BOOKMARK [1][-]{section.6.3}{\376\377\000P\000r\000o\000p\000i\000e\000d\000a\000d\000e\000s\000\040\000d\000e\000\040\000l\000o\000s\000\040\000l\000\355\000m\000i\000t\000e\000s}{chapter.6}% 25
\BOOKMARK [1][-]{section.6.4}{\376\377\000C\000\341\000l\000c\000u\000l\000o\000\040\000e\000f\000e\000c\000t\000i\000v\000o\000\040\000d\000e\000\040\000l\000\355\000m\000i\000t\000e\000s}{chapter.6}% 26
\BOOKMARK [1][-]{section.6.5}{\376\377\000I\000n\000d\000e\000t\000e\000r\000m\000i\000n\000a\000c\000i\000o\000n\000e\000s}{chapter.6}% 27
\BOOKMARK [0][-]{chapter.7}{\376\377\000L\000a\000s\000\040\000f\000u\000n\000c\000i\000o\000n\000e\000s\000\040\000s\000o\000b\000r\000e\000\040\000R}{part.2}% 28
\BOOKMARK [1][-]{section.7.1}{\376\377\000D\000e\000f\000i\000n\000i\000c\000i\000o\000n\000e\000s\000\040\000p\000r\000e\000v\000i\000a\000s}{chapter.7}% 29
\BOOKMARK [0][-]{chapter.8}{\376\377\000D\000e\000r\000i\000v\000a\000b\000i\000l\000i\000d\000a\000d\000\040\000s\000o\000b\000r\000e\000\040\000R}{part.2}% 30
\BOOKMARK [1][-]{section.8.1}{\376\377\000C\000o\000n\000c\000e\000p\000t\000o\000\040\000d\000e\000\040\000l\000a\000\040\000d\000e\000r\000i\000v\000a\000d\000a}{chapter.8}% 31
\BOOKMARK [1][-]{section.8.2}{\376\377\000D\000e\000r\000i\000v\000a\000b\000i\000l\000i\000d\000a\000d\000\040\000d\000e\000\040\000u\000n\000a\000\040\000f\000u\000n\000c\000i\000\363\000n}{chapter.8}% 32
\BOOKMARK [2][-]{subsection.8.2.1}{\376\377\000E\000s\000t\000u\000d\000i\000o\000\040\000d\000e\000\040\000l\000a\000\040\000d\000e\000r\000i\000v\000a\000b\000i\000l\000i\000d\000a\000d\000\040\000d\000e\000\040\000u\000n\000a\000\040\000f\000u\000n\000c\000i\000\363\000n}{section.8.2}% 33
\BOOKMARK [1][-]{section.8.3}{\376\377\000T\000a\000b\000l\000a\000\040\000d\000e\000\040\000d\000e\000r\000i\000v\000a\000d\000a\000s}{chapter.8}% 34
\BOOKMARK [1][-]{section.8.4}{\376\377\000A\000l\000g\000u\000n\000a\000s\000\040\000d\000e\000m\000o\000s\000t\000r\000a\000c\000i\000o\000n\000e\000s\000\040\000d\000e\000\040\000f\000\363\000r\000m\000u\000l\000a\000s\000\040\000d\000e\000\040\000d\000e\000r\000i\000v\000a\000d\000a\000s}{chapter.8}% 35
\BOOKMARK [0][-]{chapter.9}{\376\377\000A\000p\000l\000i\000c\000a\000c\000i\000o\000n\000e\000s\000\040\000d\000e\000\040\000l\000a\000\040\000d\000e\000r\000i\000v\000a\000d\000a}{part.2}% 36
\BOOKMARK [1][-]{section.9.1}{\376\377\000C\000\341\000l\000c\000u\000l\000o\000\040\000d\000e\000\040\000m\000\355\000n\000i\000m\000o\000s\000\040\000y\000\040\000m\000\341\000x\000i\000m\000o\000s}{chapter.9}% 37
\BOOKMARK [1][-]{section.9.2}{\376\377\000C\000\341\000l\000c\000u\000l\000o\000\040\000d\000e\000\040\000l\000a\000\040\000c\000u\000r\000v\000a\000t\000u\000r\000a\000\040\000d\000e\000\040\000l\000a\000s\000\040\000f\000u\000n\000c\000i\000o\000n\000e\000s}{chapter.9}% 38
\BOOKMARK [1][-]{section.9.3}{\376\377\000O\000p\000t\000i\000m\000i\000z\000a\000c\000i\000\363\000n\000\040\000d\000e\000\040\000f\000u\000n\000c\000i\000o\000n\000e\000s}{chapter.9}% 39
\BOOKMARK [0][-]{chapter.10}{\376\377\000R\000e\000p\000r\000e\000s\000e\000n\000t\000a\000c\000i\000\363\000n\000\040\000d\000e\000\040\000f\000u\000n\000c\000i\000o\000n\000e\000s}{part.2}% 40
\BOOKMARK [1][-]{section.10.1}{\376\377\000D\000o\000m\000i\000n\000i\000o}{chapter.10}% 41
\BOOKMARK [1][-]{section.10.2}{\376\377\000S\000i\000m\000e\000t\000r\000\355\000a\000\040\000y\000\040\000p\000e\000r\000i\000o\000d\000i\000c\000i\000d\000a\000d}{chapter.10}% 42
\BOOKMARK [1][-]{section.10.3}{\376\377\000C\000o\000n\000t\000i\000n\000u\000i\000d\000a\000d}{chapter.10}% 43
\BOOKMARK [1][-]{section.10.4}{\376\377\000C\000o\000r\000t\000e\000\040\000c\000o\000n\000\040\000l\000o\000s\000\040\000e\000j\000e\000s}{chapter.10}% 44
\BOOKMARK [1][-]{section.10.5}{\376\377\000A\000s\000\355\000n\000t\000o\000t\000a\000s}{chapter.10}% 45
\BOOKMARK [1][-]{section.10.6}{\376\377\000M\000o\000n\000o\000t\000o\000n\000\355\000a}{chapter.10}% 46
\BOOKMARK [1][-]{section.10.7}{\376\377\000C\000u\000r\000v\000a\000t\000u\000r\000a}{chapter.10}% 47
\BOOKMARK [1][-]{section.10.8}{\376\377\000A\000n\000\341\000l\000i\000s\000i\000s\000\040\000d\000e\000\040\000c\000a\000d\000a\000\040\000t\000i\000p\000o\000\040\000d\000e\000\040\000f\000u\000n\000c\000i\000\363\000n\000\040\000e\000l\000e\000m\000e\000n\000t\000a\000l}{chapter.10}% 48
\BOOKMARK [0][-]{chapter.11}{\376\377\000I\000n\000t\000e\000g\000r\000a\000c\000i\000\363\000n\000\040\000s\000o\000b\000r\000e\000\040\000R}{part.2}% 49
\BOOKMARK [1][-]{section.11.1}{\376\377\000C\000o\000n\000c\000e\000p\000t\000o\000s\000\040\000p\000r\000i\000n\000c\000i\000p\000a\000l\000e\000s}{chapter.11}% 50
\BOOKMARK [1][-]{section.11.2}{\376\377\000C\000\341\000l\000c\000u\000l\000o\000\040\000e\000f\000e\000c\000t\000i\000v\000o\000\040\000d\000e\000\040\000i\000n\000t\000e\000g\000r\000a\000l\000e\000s}{chapter.11}% 51
\BOOKMARK [2][-]{subsection.11.2.1}{\376\377\000P\000r\000i\000m\000i\000t\000i\000v\000a\000s\000\040\000i\000n\000m\000e\000d\000i\000a\000t\000a\000s}{section.11.2}% 52
\BOOKMARK [2][-]{subsection.11.2.2}{\376\377\000I\000n\000t\000e\000g\000r\000a\000c\000i\000\363\000n\000\040\000p\000o\000r\000\040\000p\000a\000r\000t\000e\000s}{section.11.2}% 53
\BOOKMARK [2][-]{subsection.11.2.4}{\376\377\000I\000n\000t\000e\000g\000r\000a\000c\000i\000\363\000n\000\040\000p\000o\000r\000\040\000c\000a\000m\000b\000i\000o\000\040\000d\000e\000\040\000v\000a\000r\000i\000a\000b\000l\000e}{section.11.2}% 54
\BOOKMARK [2][-]{subsection.11.2.5}{\376\377\000I\000n\000t\000e\000g\000r\000a\000c\000i\000\363\000n\000\040\000d\000e\000\040\000f\000u\000n\000c\000i\000o\000n\000e\000s\000\040\000r\000a\000c\000i\000o\000n\000a\000l\000e\000s}{section.11.2}% 55
\BOOKMARK [2][-]{subsection.11.2.6}{\376\377\000E\000j\000e\000r\000c\000i\000c\000i\000o\000s}{section.11.2}% 56
\BOOKMARK [1][-]{section.11.3}{\376\377\000A\000p\000l\000i\000c\000a\000c\000i\000o\000n\000e\000s\000\040\000d\000e\000\040\000l\000a\000\040\000i\000n\000t\000e\000g\000r\000a\000l}{chapter.11}% 57
\BOOKMARK [-1][-]{part.3}{\376\377\000I\000I\000I\000\040\000E\000j\000e\000r\000c\000i\000c\000i\000o\000s\000\040\000d\000e\000\040\000A\000n\000\341\000l\000i\000s\000i\000s\000\040\000M\000a\000t\000e\000m\000\341\000t\000i\000c\000o}{}% 58
\BOOKMARK [0][-]{chapter.12}{\376\377\000R\000e\000p\000r\000e\000s\000e\000n\000t\000a\000c\000i\000\363\000n\000\040\000d\000e\000\040\000f\000u\000n\000c\000i\000o\000n\000e\000s}{part.3}% 59
\BOOKMARK [1][-]{section*.28}{\376\377\000I\000n\000t\000r\000o\000d\000u\000c\000c\000i\000\363\000n}{chapter.12}% 60
\BOOKMARK [1][-]{section.12.1}{\376\377\000F\000u\000n\000c\000i\000o\000n\000e\000s\000\040\000p\000o\000l\000i\000n\000\363\000m\000i\000c\000a\000s}{chapter.12}% 61
\BOOKMARK [1][-]{section.12.2}{\376\377\000F\000u\000n\000c\000i\000o\000n\000e\000s\000\040\000r\000a\000c\000i\000o\000n\000a\000l\000e\000s}{chapter.12}% 62
\BOOKMARK [1][-]{section.12.3}{\376\377\000F\000u\000n\000c\000i\000o\000n\000e\000s\000\040\000i\000r\000r\000a\000c\000i\000o\000n\000a\000l\000e\000s}{chapter.12}% 63
\BOOKMARK [1][-]{section.12.4}{\376\377\000F\000u\000n\000c\000i\000o\000n\000e\000s\000\040\000e\000x\000p\000o\000n\000e\000n\000c\000i\000a\000l\000e\000s}{chapter.12}% 64
\BOOKMARK [1][-]{section.12.5}{\376\377\000F\000u\000n\000c\000i\000o\000n\000e\000s\000\040\000l\000o\000g\000a\000r\000\355\000t\000m\000i\000c\000a\000s}{chapter.12}% 65
\BOOKMARK [1][-]{section.12.6}{\376\377\000F\000u\000n\000c\000i\000o\000n\000e\000s\000\040\000t\000r\000i\000g\000o\000n\000o\000m\000\351\000t\000r\000i\000c\000a\000s}{chapter.12}% 66
\BOOKMARK [-1][-]{part.4}{\376\377\000I\000V\000\040\000\301\000l\000g\000e\000b\000r\000a\000\040\000l\000i\000n\000e\000a\000l}{}% 67
\BOOKMARK [0][-]{chapter.13}{\376\377\000E\000s\000p\000a\000c\000i\000o\000s\000\040\000V\000e\000c\000t\000o\000r\000i\000a\000l\000e\000s\000\040}{part.4}% 68
\BOOKMARK [0][-]{chapter.14}{\376\377\000A\000p\000l\000i\000c\000a\000c\000i\000o\000n\000e\000s\000\040\000l\000i\000n\000e\000a\000l\000e\000s}{part.4}% 69
\BOOKMARK [0][-]{chapter.15}{\376\377\000M\000a\000t\000r\000i\000c\000e\000s}{part.4}% 70
\BOOKMARK [0][-]{chapter.16}{\376\377\000D\000e\000t\000e\000r\000m\000i\000n\000a\000n\000t\000e\000s}{part.4}% 71
\BOOKMARK [0][-]{chapter.17}{\376\377\000D\000i\000s\000c\000u\000s\000i\000\363\000n\000\040\000d\000e\000\040\000s\000i\000s\000t\000e\000m\000a\000s}{part.4}% 72
\BOOKMARK [-1][-]{part.5}{\376\377\000V\000\040\000C\000\341\000l\000c\000u\000l\000o\000\040\000d\000e\000\040\000p\000r\000o\000b\000a\000b\000i\000l\000i\000d\000a\000d\000e\000s}{}% 73
\BOOKMARK [0][-]{chapter.18}{\376\377\000P\000r\000o\000b\000a\000b\000i\000l\000i\000d\000a\000d\000e\000s\000\040\000b\000\341\000s\000i\000c\000a\000s}{part.5}% 74
\BOOKMARK [0][-]{chapter.19}{\376\377\000V\000a\000r\000i\000a\000b\000l\000e\000s\000\040\000a\000l\000e\000a\000t\000o\000r\000i\000a\000s\000\040\000d\000i\000s\000c\000r\000e\000t\000a\000s}{part.5}% 75
\BOOKMARK [0][-]{chapter.20}{\376\377\000V\000a\000r\000i\000a\000b\000l\000e\000s\000\040\000a\000l\000e\000a\000t\000o\000r\000i\000a\000s\000\040\000c\000o\000n\000t\000i\000n\000u\000a\000s}{part.5}% 76
