This is pdfTeX, Version 3.141592653-2.6-1.40.24 (MiKTeX 23.1) (preloaded format=pdflatex 2023.3.1)  18 MAR 2023 11:40
entering extended mode
 restricted \write18 enabled.
 %&-line parsing enabled.
**./teo_bach.tex
(teo_bach.tex
LaTeX2e <2022-11-01> patch level 1
L3 programming layer <2023-02-07>
(C:\Users\Pedro\AppData\Local\Programs\MiKTeX\tex/latex/base\book.cls
Document Class: book 2022/07/02 v1.4n Standard LaTeX document class
(C:\Users\Pedro\AppData\Local\Programs\MiKTeX\tex/latex/base\bk11.clo
File: bk11.clo 2022/07/02 v1.4n Standard LaTeX file (size option)
)
\c@part=\count185
\c@chapter=\count186
\c@section=\count187
\c@subsection=\count188
\c@subsubsection=\count189
\c@paragraph=\count190
\c@subparagraph=\count191
\c@figure=\count192
\c@table=\count193
\abovecaptionskip=\skip48
\belowcaptionskip=\skip49
\bibindent=\dimen140
)
(C:\Users\Pedro\AppData\Local\Programs\MiKTeX\tex/latex/srcltx\srcltx.sty
Package: srcltx 2006/11/12 v1.6 Source specials for inverse search in DVI files


(C:\Users\Pedro\AppData\Local\Programs\MiKTeX\tex/latex/base\ifthen.sty
Package: ifthen 2022/04/13 v1.1d Standard LaTeX ifthen package (DPC)
)
\src@lastline=\count194
\src@new@everypar=\toks16
\src@new@output=\toks17
)
(C:\Users\Pedro\AppData\Local\Programs\MiKTeX\tex/latex/fancyhdr\fancyhdr.sty
Package: fancyhdr 2022/11/09 v4.1 Extensive control of page headers and footers

\f@nch@headwidth=\skip50
\f@nch@O@elh=\skip51
\f@nch@O@erh=\skip52
\f@nch@O@olh=\skip53
\f@nch@O@orh=\skip54
\f@nch@O@elf=\skip55
\f@nch@O@erf=\skip56
\f@nch@O@olf=\skip57
\f@nch@O@orf=\skip58
)
(C:\Users\Pedro\AppData\Local\Programs\MiKTeX\tex/latex/amsfonts\amssymb.sty
Package: amssymb 2013/01/14 v3.01 AMS font symbols

(C:\Users\Pedro\AppData\Local\Programs\MiKTeX\tex/latex/amsfonts\amsfonts.sty
Package: amsfonts 2013/01/14 v3.01 Basic AMSFonts support
\@emptytoks=\toks18
\symAMSa=\mathgroup4
\symAMSb=\mathgroup5
LaTeX Font Info:    Redeclaring math symbol \hbar on input line 98.
LaTeX Font Info:    Overwriting math alphabet `\mathfrak' in version `bold'
(Font)                  U/euf/m/n --> U/euf/b/n on input line 106.
))
(C:\Users\Pedro\AppData\Local\Programs\MiKTeX\tex/latex/mathtools\mathtools.sty
Package: mathtools 2022/06/29 v1.29 mathematical typesetting tools
(C:\Users\Pedro\AppData\Local\Programs\MiKTeX\tex/latex/graphics\keyval.sty
Package: keyval 2022/05/29 v1.15 key=value parser (DPC)
\KV@toks@=\toks19
)
(C:\Users\Pedro\AppData\Local\Programs\MiKTeX\tex/latex/tools\calc.sty
Package: calc 2017/05/25 v4.3 Infix arithmetic (KKT,FJ)
\calc@Acount=\count195
\calc@Bcount=\count196
\calc@Adimen=\dimen141
\calc@Bdimen=\dimen142
\calc@Askip=\skip59
\calc@Bskip=\skip60
LaTeX Info: Redefining \setlength on input line 80.
LaTeX Info: Redefining \addtolength on input line 81.
\calc@Ccount=\count197
\calc@Cskip=\skip61
)
(C:\Users\Pedro\AppData\Local\Programs\MiKTeX\tex/latex/mathtools\mhsetup.sty
Package: mhsetup 2021/03/18 v1.4 programming setup (MH)
)
(C:\Users\Pedro\AppData\Local\Programs\MiKTeX\tex/latex/amsmath\amsmath.sty
Package: amsmath 2022/04/08 v2.17n AMS math features
\@mathmargin=\skip62

For additional information on amsmath, use the `?' option.
(C:\Users\Pedro\AppData\Local\Programs\MiKTeX\tex/latex/amsmath\amstext.sty
Package: amstext 2021/08/26 v2.01 AMS text

(C:\Users\Pedro\AppData\Local\Programs\MiKTeX\tex/latex/amsmath\amsgen.sty
File: amsgen.sty 1999/11/30 v2.0 generic functions
\@emptytoks=\toks20
\ex@=\dimen143
))
(C:\Users\Pedro\AppData\Local\Programs\MiKTeX\tex/latex/amsmath\amsbsy.sty
Package: amsbsy 1999/11/29 v1.2d Bold Symbols
\pmbraise@=\dimen144
)
(C:\Users\Pedro\AppData\Local\Programs\MiKTeX\tex/latex/amsmath\amsopn.sty
Package: amsopn 2022/04/08 v2.04 operator names
)
\inf@bad=\count198
LaTeX Info: Redefining \frac on input line 234.
\uproot@=\count199
\leftroot@=\count266
LaTeX Info: Redefining \overline on input line 399.
LaTeX Info: Redefining \colon on input line 410.
\classnum@=\count267
\DOTSCASE@=\count268
LaTeX Info: Redefining \ldots on input line 496.
LaTeX Info: Redefining \dots on input line 499.
LaTeX Info: Redefining \cdots on input line 620.
\Mathstrutbox@=\box51
\strutbox@=\box52
LaTeX Info: Redefining \big on input line 722.
LaTeX Info: Redefining \Big on input line 723.
LaTeX Info: Redefining \bigg on input line 724.
LaTeX Info: Redefining \Bigg on input line 725.
\big@size=\dimen145
LaTeX Font Info:    Redeclaring font encoding OML on input line 743.
LaTeX Font Info:    Redeclaring font encoding OMS on input line 744.
\macc@depth=\count269
LaTeX Info: Redefining \bmod on input line 905.
LaTeX Info: Redefining \pmod on input line 910.
LaTeX Info: Redefining \smash on input line 940.
LaTeX Info: Redefining \relbar on input line 970.
LaTeX Info: Redefining \Relbar on input line 971.
\c@MaxMatrixCols=\count270
\dotsspace@=\muskip16
\c@parentequation=\count271
\dspbrk@lvl=\count272
\tag@help=\toks21
\row@=\count273
\column@=\count274
\maxfields@=\count275
\andhelp@=\toks22
\eqnshift@=\dimen146
\alignsep@=\dimen147
\tagshift@=\dimen148
\tagwidth@=\dimen149
\totwidth@=\dimen150
\lineht@=\dimen151
\@envbody=\toks23
\multlinegap=\skip63
\multlinetaggap=\skip64
\mathdisplay@stack=\toks24
LaTeX Info: Redefining \[ on input line 2953.
LaTeX Info: Redefining \] on input line 2954.
)
\g_MT_multlinerow_int=\count276
\l_MT_multwidth_dim=\dimen152
\origjot=\skip65
\l_MT_shortvdotswithinadjustabove_dim=\dimen153
\l_MT_shortvdotswithinadjustbelow_dim=\dimen154
\l_MT_above_intertext_sep=\dimen155
\l_MT_below_intertext_sep=\dimen156
\l_MT_above_shortintertext_sep=\dimen157
\l_MT_below_shortintertext_sep=\dimen158
\xmathstrut@box=\box53
\xmathstrut@dim=\dimen159
)
(C:\Users\Pedro\AppData\Local\Programs\MiKTeX\tex/latex/float\float.sty
Package: float 2001/11/08 v1.3d Float enhancements (AL)
\c@float@type=\count277
\float@exts=\toks25
\float@box=\box54
\@float@everytoks=\toks26
\@floatcapt=\box55
)
(C:\Users\Pedro\AppData\Local\Programs\MiKTeX\tex/generic/babel\babel.sty
Package: babel 2023/02/13 3.86 The Babel package
\babel@savecnt=\count278
\U@D=\dimen160
\l@unhyphenated=\language79

(C:\Users\Pedro\AppData\Local\Programs\MiKTeX\tex/generic/babel\txtbabel.def)
\bbl@readstream=\read2
\bbl@dirlevel=\count279

*************************************
* Local config file bblopts.cfg used
*
(C:\Users\Pedro\AppData\Local\Programs\MiKTeX\tex/latex/arabi\bblopts.cfg
File: bblopts.cfg 2005/09/08 v0.1 add Arabic and Farsi to "declared" options of
 babel
)
(C:\Users\Pedro\AppData\Local\Programs\MiKTeX\tex/latex/babel-spanish\spanish.l
df
Language: spanish.ldf 2021/05/27 v5.0q Spanish support from the babel system
\es@quottoks=\toks27
\es@quotdepth=\count280
Package babel Info: Making " an active character on input line 570.
Package babel Info: Making . an active character on input line 675.
Package babel Info: Making < an active character on input line 722.
Package babel Info: Making > an active character on input line 722.
))
(C:\Users\Pedro\AppData\Local\Programs\MiKTeX\tex/generic/babel/locale/es\babel
-spanish.tex
Package babel Info: Importing font and identification data for spanish
(babel)             from babel-es.ini. Reported on input line 11.
)
(C:\Users\Pedro\AppData\Local\Programs\MiKTeX\tex/latex/subfig\subfig.sty
Package: subfig 2005/06/28 ver: 1.3 subfig package

(C:\Users\Pedro\AppData\Local\Programs\MiKTeX\tex/latex/caption\caption.sty
Package: caption 2022/03/01 v3.6b Customizing captions (AR)

(C:\Users\Pedro\AppData\Local\Programs\MiKTeX\tex/latex/caption\caption3.sty
Package: caption3 2022/03/17 v2.3b caption3 kernel (AR)
\caption@tempdima=\dimen161
\captionmargin=\dimen162
\caption@leftmargin=\dimen163
\caption@rightmargin=\dimen164
\caption@width=\dimen165
\caption@indent=\dimen166
\caption@parindent=\dimen167
\caption@hangindent=\dimen168
Package caption Info: Standard document class detected.
)
\c@caption@flags=\count281
\c@continuedfloat=\count282
Package caption Info: float package is loaded.
)
\c@KVtest=\count283
\sf@farskip=\skip66
\sf@captopadj=\dimen169
\sf@capskip=\skip67
\sf@nearskip=\skip68
\c@subfigure=\count284
\c@subfigure@save=\count285
\c@lofdepth=\count286
\c@subtable=\count287
\c@subtable@save=\count288
\c@lotdepth=\count289
\sf@top=\skip69
\sf@bottom=\skip70
) (C:\Users\Pedro\AppData\Local\Programs\MiKTeX\tex/latex/minitoc\minitoc.sty
Package: minitoc 2018/07/12 v62 Package minitoc

(C:\Users\Pedro\AppData\Local\Programs\MiKTeX\tex/latex/minitoc\mtcmess.sty
Package: mtcmess 2006/03/14
)
Package minitoc Info: I0001
(minitoc)             *** minitoc package, version 62 ***.
\tf@mtc=\write3
\mtcindent=\skip71
\mtcskipamount=\skip72
Package minitoc Info: I0005
(minitoc)             compatible with hyperref.
Package minitoc Info: I0023
(minitoc)             part level macros available.
Package minitoc Info: I0003
(minitoc)             chapter level macros available.
\mtc@toks=\toks28
\mtc@strutbox=\box56
\mtc@hstrutbox=\box57
Package minitoc Info: I0002
(minitoc)             Autoconfiguration of extensions.
\openout3 = `teo_bach.mtc0'.

\openout3 = `teo_bach.mtc'.

Package srcltx Info: Expanded filename `teo_bach.mtc0' to `teo_bach.mtc0.tex' o
n input line 404.

:<+ teo_bach.mtc0.tex
(teo_bach.mtc0)
:<-
Package minitoc Info: I0012
(minitoc)             Long extensions (Unix-like) will be used.
Package minitoc Info: I0031
(minitoc)             ==> this version is configured for UNIX-like 
(minitoc)                 (long extensions) file names.
\openout3 = `teo_bach.mtc'.

\openout3 = `teo_bach.mtc0'.

\c@mtc=\count290
\c@minitocdepth=\count291
\c@ptc=\count292
\c@parttocdepth=\count293
\ptcindent=\skip73
Package minitoc Info: I0010
(minitoc)             The english language is selected.
(minitoc)              on input line 4910.
(C:\Users\Pedro\AppData\Local\Programs\MiKTeX\tex/latex/minitoc\english.mld
File: english.mld 2006/01/13
)
(C:\Users\Pedro\AppData\Local\Programs\MiKTeX\tex/latex/minitoc\english.mld
File: english.mld 2006/01/13
)
Package minitoc Info: I0010
(minitoc)             The spanish language is selected.
(minitoc)              on input line 4911.

(C:\Users\Pedro\AppData\Local\Programs\MiKTeX\tex/latex/minitoc\spanish.mld
File: spanish.mld 2008/04/03
))
(C:\Users\Pedro\AppData\Local\Programs\MiKTeX\tex/latex/amscls\amsthm.sty
Package: amsthm 2020/05/29 v2.20.6
\thm@style=\toks29
\thm@bodyfont=\toks30
\thm@headfont=\toks31
\thm@notefont=\toks32
\thm@headpunct=\toks33
\thm@preskip=\skip74
\thm@postskip=\skip75
\thm@headsep=\skip76
\dth@everypar=\toks34
)
\c@defi=\count294

(C:\Users\Pedro\AppData\Local\Programs\MiKTeX\tex/latex/tools\array.sty
Package: array 2022/09/04 v2.5g Tabular extension package (FMi)
\col@sep=\dimen170
\ar@mcellbox=\box58
\extrarowheight=\dimen171
\NC@list=\toks35
\extratabsurround=\skip77
\backup@length=\skip78
\ar@cellbox=\box59
)
(C:\Users\Pedro\AppData\Local\Programs\MiKTeX\tex/latex/graphics\graphicx.sty
Package: graphicx 2021/09/16 v1.2d Enhanced LaTeX Graphics (DPC,SPQR)

(C:\Users\Pedro\AppData\Local\Programs\MiKTeX\tex/latex/graphics\graphics.sty
Package: graphics 2022/03/10 v1.4e Standard LaTeX Graphics (DPC,SPQR)

(C:\Users\Pedro\AppData\Local\Programs\MiKTeX\tex/latex/graphics\trig.sty
Package: trig 2021/08/11 v1.11 sin cos tan (DPC)
)
(C:\Users\Pedro\AppData\Local\Programs\MiKTeX\tex/latex/graphics-cfg\graphics.c
fg
File: graphics.cfg 2016/06/04 v1.11 sample graphics configuration
)
Package graphics Info: Driver file: pdftex.def on input line 107.
Package srcltx Info: Expanded filename `pdftex.def' to `pdftex.def.tex' on inpu
t line 108.

:<+ pdftex.def.tex

(C:\Users\Pedro\AppData\Local\Programs\MiKTeX\tex/latex/graphics-def\pdftex.def
File: pdftex.def 2022/09/22 v1.2b Graphics/color driver for pdftex
)
:<-
)
\Gin@req@height=\dimen172
\Gin@req@width=\dimen173
)
(C:\Users\Pedro\AppData\Local\Programs\MiKTeX\tex/latex/hyperref\hyperref.sty
Package: hyperref 2023-02-07 v7.00v Hypertext links for LaTeX

(C:\Users\Pedro\AppData\Local\Programs\MiKTeX\tex/generic/ltxcmds\ltxcmds.sty
Package: ltxcmds 2020-05-10 v1.25 LaTeX kernel commands for general use (HO)
)
(C:\Users\Pedro\AppData\Local\Programs\MiKTeX\tex/generic/iftex\iftex.sty
Package: iftex 2022/02/03 v1.0f TeX engine tests
)
(C:\Users\Pedro\AppData\Local\Programs\MiKTeX\tex/generic/pdftexcmds\pdftexcmds
.sty
Package: pdftexcmds 2020-06-27 v0.33 Utility functions of pdfTeX for LuaTeX (HO
)

(C:\Users\Pedro\AppData\Local\Programs\MiKTeX\tex/generic/infwarerr\infwarerr.s
ty
Package: infwarerr 2019/12/03 v1.5 Providing info/warning/error messages (HO)
)
Package pdftexcmds Info: \pdf@primitive is available.
Package pdftexcmds Info: \pdf@ifprimitive is available.
Package pdftexcmds Info: \pdfdraftmode found.
)
(C:\Users\Pedro\AppData\Local\Programs\MiKTeX\tex/latex/kvsetkeys\kvsetkeys.sty
Package: kvsetkeys 2022-10-05 v1.19 Key value parser (HO)
)
(C:\Users\Pedro\AppData\Local\Programs\MiKTeX\tex/generic/kvdefinekeys\kvdefine
keys.sty
Package: kvdefinekeys 2019-12-19 v1.6 Define keys (HO)
)
(C:\Users\Pedro\AppData\Local\Programs\MiKTeX\tex/generic/pdfescape\pdfescape.s
ty
Package: pdfescape 2019/12/09 v1.15 Implements pdfTeX's escape features (HO)
) (C:\Users\Pedro\AppData\Local\Programs\MiKTeX\tex/latex/hycolor\hycolor.sty
Package: hycolor 2020-01-27 v1.10 Color options for hyperref/bookmark (HO)
)
(C:\Users\Pedro\AppData\Local\Programs\MiKTeX\tex/latex/letltxmacro\letltxmacro
.sty
Package: letltxmacro 2019/12/03 v1.6 Let assignment for LaTeX macros (HO)
)
(C:\Users\Pedro\AppData\Local\Programs\MiKTeX\tex/latex/auxhook\auxhook.sty
Package: auxhook 2019-12-17 v1.6 Hooks for auxiliary files (HO)
)
(C:\Users\Pedro\AppData\Local\Programs\MiKTeX\tex/latex/hyperref\nameref.sty
Package: nameref 2022-05-17 v2.50 Cross-referencing by name of section

(C:\Users\Pedro\AppData\Local\Programs\MiKTeX\tex/latex/refcount\refcount.sty
Package: refcount 2019/12/15 v3.6 Data extraction from label references (HO)
)
(C:\Users\Pedro\AppData\Local\Programs\MiKTeX\tex/generic/gettitlestring\gettit
lestring.sty
Package: gettitlestring 2019/12/15 v1.6 Cleanup title references (HO)

(C:\Users\Pedro\AppData\Local\Programs\MiKTeX\tex/latex/kvoptions\kvoptions.sty
Package: kvoptions 2022-06-15 v3.15 Key value format for package options (HO)
))
\c@section@level=\count295
)
\@linkdim=\dimen174
\Hy@linkcounter=\count296
\Hy@pagecounter=\count297
Package srcltx Info: Expanded filename `pd1enc.def' to `pd1enc.def.tex' on inpu
t line 733.

:<+ pd1enc.def.tex
(C:\Users\Pedro\AppData\Local\Programs\MiKTeX\tex/latex/hyperref\pd1enc.def
File: pd1enc.def 2023-02-07 v7.00v Hyperref: PDFDocEncoding definition (HO)
Now handling font encoding PD1 ...
... no UTF-8 mapping file for font encoding PD1
)
:<-
(C:\Users\Pedro\AppData\Local\Programs\MiKTeX\tex/generic/intcalc\intcalc.sty
Package: intcalc 2019/12/15 v1.3 Expandable calculations with integers (HO)
)
(C:\Users\Pedro\AppData\Local\Programs\MiKTeX\tex/generic/etexcmds\etexcmds.sty
Package: etexcmds 2019/12/15 v1.7 Avoid name clashes with e-TeX commands (HO)
)
\Hy@SavedSpaceFactor=\count298
Package srcltx Info: Expanded filename `puenc.def' to `puenc.def.tex' on input 
line 2497.

:<+ puenc.def.tex
(C:\Users\Pedro\AppData\Local\Programs\MiKTeX\tex/latex/hyperref\puenc.def
File: puenc.def 2023-02-07 v7.00v Hyperref: PDF Unicode definition (HO)
Now handling font encoding PU ...
... no UTF-8 mapping file for font encoding PU
)
:<-
Package hyperref Info: Hyper figures OFF on input line 4177.
Package hyperref Info: Link nesting OFF on input line 4182.
Package hyperref Info: Hyper index ON on input line 4185.
Package hyperref Info: Plain pages OFF on input line 4192.
Package hyperref Info: Backreferencing OFF on input line 4197.
Package hyperref Info: Implicit mode ON; LaTeX internals redefined.
Package hyperref Info: Bookmarks ON on input line 4425.
\c@Hy@tempcnt=\count299
(C:\Users\Pedro\AppData\Local\Programs\MiKTeX\tex/latex/url\url.sty
\Urlmuskip=\muskip17
Package: url 2013/09/16  ver 3.4  Verb mode for urls, etc.
)
LaTeX Info: Redefining \url on input line 4763.
\XeTeXLinkMargin=\dimen175

(C:\Users\Pedro\AppData\Local\Programs\MiKTeX\tex/generic/bitset\bitset.sty
Package: bitset 2019/12/09 v1.3 Handle bit-vector datatype (HO)

(C:\Users\Pedro\AppData\Local\Programs\MiKTeX\tex/generic/bigintcalc\bigintcalc
.sty
Package: bigintcalc 2019/12/15 v1.5 Expandable calculations on big integers (HO
)
))
\Fld@menulength=\count300
\Field@Width=\dimen176
\Fld@charsize=\dimen177
Package hyperref Info: Hyper figures OFF on input line 6042.
Package hyperref Info: Link nesting OFF on input line 6047.
Package hyperref Info: Hyper index ON on input line 6050.
Package hyperref Info: backreferencing OFF on input line 6057.
Package hyperref Info: Link coloring OFF on input line 6062.
Package hyperref Info: Link coloring with OCG OFF on input line 6067.
Package hyperref Info: PDF/A mode OFF on input line 6072.

(C:\Users\Pedro\AppData\Local\Programs\MiKTeX\tex/latex/base\atbegshi-ltx.sty
Package: atbegshi-ltx 2021/01/10 v1.0c Emulation of the original atbegshi
package with kernel methods
)
\Hy@abspage=\count301
\c@Item=\count302
\c@Hfootnote=\count303
)
Package hyperref Info: Driver (autodetected): hpdftex.
Package srcltx Info: Expanded filename `hpdftex.def' to `hpdftex.def.tex' on in
put line 33.
:<+ hpdftex.def.tex
(C:\Users\Pedro\AppData\Local\Programs\MiKTeX\tex/latex/hyperref\hpdftex.def
File: hpdftex.def 2023-02-07 v7.00v Hyperref driver for pdfTeX

(C:\Users\Pedro\AppData\Local\Programs\MiKTeX\tex/latex/base\atveryend-ltx.sty
Package: atveryend-ltx 2020/08/19 v1.0a Emulation of the original atveryend pac
kage
with kernel methods
)
\Fld@listcount=\count304
\c@bookmark@seq@number=\count305

(C:\Users\Pedro\AppData\Local\Programs\MiKTeX\tex/latex/rerunfilecheck\rerunfil
echeck.sty
Package: rerunfilecheck 2022-07-10 v1.10 Rerun checks for auxiliary files (HO)

(C:\Users\Pedro\AppData\Local\Programs\MiKTeX\tex/generic/uniquecounter\uniquec
ounter.sty
Package: uniquecounter 2019/12/15 v1.4 Provide unlimited unique counter (HO)
)
Package uniquecounter Info: New unique counter `rerunfilecheck' on input line 2
85.
)
\Hy@SectionHShift=\skip79
)
:<-

(C:\Users\Pedro\AppData\Local\Programs\MiKTeX\tex/latex/l3backend\l3backend-pdf
tex.def
File: l3backend-pdftex.def 2023-01-16 L3 backend support: PDF output (pdfTeX)
\l__color_backend_stack_int=\count306
\l__pdf_internal_box=\box60
) (teo_bach.aux
LaTeX Info: Redefining \. on input line 22.
LaTeX Info: Redefining \% on input line 22.
 (Indice.aux) (Repaso.aux) (Analisis.aux

LaTeX Warning: Label `Función $f(x)$' multiply defined.

) (EjerciciosAM.aux) (Algebra.aux) (Probabilidad.aux))
\openout1 = `teo_bach.aux'.

LaTeX Font Info:    Checking defaults for OML/cmm/m/it on input line 37.
LaTeX Font Info:    ... okay on input line 37.
LaTeX Font Info:    Checking defaults for OMS/cmsy/m/n on input line 37.
LaTeX Font Info:    ... okay on input line 37.
LaTeX Font Info:    Checking defaults for OT1/cmr/m/n on input line 37.
LaTeX Font Info:    ... okay on input line 37.
LaTeX Font Info:    Checking defaults for T1/cmr/m/n on input line 37.
LaTeX Font Info:    ... okay on input line 37.
LaTeX Font Info:    Checking defaults for TS1/cmr/m/n on input line 37.
LaTeX Font Info:    ... okay on input line 37.
LaTeX Font Info:    Checking defaults for OMX/cmex/m/n on input line 37.
LaTeX Font Info:    ... okay on input line 37.
LaTeX Font Info:    Checking defaults for U/cmr/m/n on input line 37.
LaTeX Font Info:    ... okay on input line 37.
LaTeX Font Info:    Checking defaults for PD1/pdf/m/n on input line 37.
LaTeX Font Info:    ... okay on input line 37.
LaTeX Font Info:    Checking defaults for PU/pdf/m/n on input line 37.
LaTeX Font Info:    ... okay on input line 37.
LaTeX Info: Redefining \. on input line 37.
LaTeX Info: Redefining \% on input line 37.
Package caption Info: Begin \AtBeginDocument code.
Package caption Info: subfig package v1.3 is loaded.
Package caption Info: hyperref package is loaded.
Package caption Info: End \AtBeginDocument code.
\c@minilofdepth=\count307
\c@minilotdepth=\count308
\c@partlofdepth=\count309
\c@partlotdepth=\count310
\c@sectlofdepth=\count311
\c@sectlotdepth=\count312
Package minitoc(hints) Info: I0049
(minitoc(hints))             ==> You requested the hints option. 
(minitoc(hints))             Some hints are eventually given below.


Package minitoc(hints) Warning: W0030
(minitoc(hints))                --- The \part command is altered 
(minitoc(hints))                after minitoc.


Package minitoc(hints) Warning: W0023
(minitoc(hints))                --- It may be the consequence 
(minitoc(hints))                of loading the ``hyperref'' package.


Package minitoc(hints) Warning: W0028
(minitoc(hints))                --- The \chapter command is altered 
(minitoc(hints))                after minitoc.


Package minitoc(hints) Warning: W0023
(minitoc(hints))                --- It may be the consequence 
(minitoc(hints))                of loading the ``hyperref'' package.


(C:\Users\Pedro\AppData\Local\Programs\MiKTeX\tex/context/base/mkii\supp-pdf.mk
ii
[Loading MPS to PDF converter (version 2006.09.02).]
\scratchcounter=\count313
\scratchdimen=\dimen178
\scratchbox=\box61
\nofMPsegments=\count314
\nofMParguments=\count315
\everyMPshowfont=\toks36
\MPscratchCnt=\count316
\MPscratchDim=\dimen179
\MPnumerator=\count317
\makeMPintoPDFobject=\count318
\everyMPtoPDFconversion=\toks37
)
(C:\Users\Pedro\AppData\Local\Programs\MiKTeX\tex/latex/epstopdf-pkg\epstopdf-b
ase.sty
Package: epstopdf-base 2020-01-24 v2.11 Base part for package epstopdf
Package epstopdf-base Info: Redefining graphics rule for `.eps' on input line 4
85.

(C:\Users\Pedro\AppData\Local\Programs\MiKTeX\tex/latex/00miktex\epstopdf-sys.c
fg
File: epstopdf-sys.cfg 2021/03/18 v2.0 Configuration of epstopdf for MiKTeX
))
Package hyperref Info: Link coloring OFF on input line 37.
 (teo_bach.out) (teo_bach.out)
\@outlinefile=\write4
\openout4 = `teo_bach.out'.

Package srcltx Info: Expanded filename `portada.tex' to `portada.tex' on input 
line 39.

:<+ portada.tex
(portada.tex
Overfull \hbox (40.0pt too wide) in paragraph at lines 12--13
 [][] 
 []


Overfull \hbox (40.0pt too wide) in paragraph at lines 19--19
 [][] 
 []

[1


{C:/Users/Pedro/AppData/Local/MiKTeX/fonts/map/pdftex/pdftex.map}])
:<-
Package minitoc Info: I0024
(minitoc)             PREPARING MINITOCS FROM teo_bach.toc on input line 46.
\openout3 = `teo_bach.mtc'.

Package minitoc Info: I0033
(minitoc)             Writing teo_bach.mtc1.
\openout3 = `teo_bach.mtc1'.

Package minitoc Info: I0033
(minitoc)             Writing teo_bach.mtc2.
\openout3 = `teo_bach.mtc2'.

Package minitoc Info: I0033
(minitoc)             Writing teo_bach.mtc3.
\openout3 = `teo_bach.mtc3'.

Package minitoc Info: I0033
(minitoc)             Writing teo_bach.mtc4.
\openout3 = `teo_bach.mtc4'.

Package minitoc Info: I0033
(minitoc)             Writing teo_bach.mtc5.
\openout3 = `teo_bach.mtc5'.

Package minitoc Info: I0033
(minitoc)             Writing teo_bach.mtc6.
\openout3 = `teo_bach.mtc6'.

Package minitoc Info: I0033
(minitoc)             Writing teo_bach.mtc7.
\openout3 = `teo_bach.mtc7'.

Package minitoc Info: I0033
(minitoc)             Writing teo_bach.mtc8.
\openout3 = `teo_bach.mtc8'.

Package minitoc Info: I0033
(minitoc)             Writing teo_bach.mtc9.
\openout3 = `teo_bach.mtc9'.

Package minitoc Info: I0033
(minitoc)             Writing teo_bach.mtc10.
\openout3 = `teo_bach.mtc10'.

Package minitoc Info: I0033
(minitoc)             Writing teo_bach.mtc11.
\openout3 = `teo_bach.mtc11'.

Package minitoc Info: I0033
(minitoc)             Writing teo_bach.mtc12.
\openout3 = `teo_bach.mtc12'.

Package minitoc Info: I0033
(minitoc)             Writing teo_bach.mtc13.
\openout3 = `teo_bach.mtc13'.

Package minitoc Info: I0033
(minitoc)             Writing teo_bach.mtc14.
\openout3 = `teo_bach.mtc14'.

Package minitoc Info: I0033
(minitoc)             Writing teo_bach.mtc15.
\openout3 = `teo_bach.mtc15'.

Package minitoc Info: I0033
(minitoc)             Writing teo_bach.mtc16.
\openout3 = `teo_bach.mtc16'.

Package minitoc Info: I0033
(minitoc)             Writing teo_bach.mtc17.
\openout3 = `teo_bach.mtc17'.

Package minitoc Info: I0033
(minitoc)             Writing teo_bach.mtc18.
\openout3 = `teo_bach.mtc18'.

Package minitoc Info: I0033
(minitoc)             Writing teo_bach.mtc19.
\openout3 = `teo_bach.mtc19'.

Package minitoc Info: I0033
(minitoc)             Writing teo_bach.mtc20.
\openout3 = `teo_bach.mtc20'.

Package minitoc Info: I0033
(minitoc)             Writing teo_bach.mtc21.
\openout3 = `teo_bach.mtc21'.

[2

] (teo_bach.toc
LaTeX Info: Redefining \. on input line 1.
LaTeX Info: Redefining \% on input line 1.
LaTeX Font Info:    Trying to load font information for U+msa on input line 10.


(C:\Users\Pedro\AppData\Local\Programs\MiKTeX\tex/latex/amsfonts\umsa.fd
File: umsa.fd 2013/01/14 v3.01 AMS symbols A
)
LaTeX Font Info:    Trying to load font information for U+msb on input line 10.


(C:\Users\Pedro\AppData\Local\Programs\MiKTeX\tex/latex/amsfonts\umsb.fd
File: umsb.fd 2013/01/14 v3.01 AMS symbols B
)
[3]
LaTeX Info: Redefining \. on input line 73.
LaTeX Info: Redefining \% on input line 73.
 [4])
\tf@toc=\write5
\openout5 = `teo_bach.toc'.

LaTeX Info: Redefining \. on input line 49.
LaTeX Info: Redefining \% on input line 49.
 [5]
:<+ Indice.tex.tex
\openout2 = `Indice.aux'.

(Indice.tex
LaTeX Info: Redefining \. on input line 1.
LaTeX Info: Redefining \% on input line 1.
 [6



] [7] [8]) [9

]
:<-
:<+ Repaso.tex.tex
\openout2 = `Repaso.aux'.

(Repaso.tex
LaTeX Info: Redefining \. on input line 1.
LaTeX Info: Redefining \% on input line 1.
 [10





] [11] [12]
Cap\'{\i }tulo 1.
\openout3 = `teo_bach.mtc'.

\openout3 = `teo_bach.mtc'.

(teo_bach.mtc2) [13

]
LaTeX Info: Redefining \. on input line 43.
LaTeX Info: Redefining \% on input line 43.
 [14]
LaTeX Info: Redefining \. on input line 82.
LaTeX Info: Redefining \% on input line 82.
 [15]
LaTeX Info: Redefining \. on input line 109.
LaTeX Info: Redefining \% on input line 109.
 [16]
LaTeX Info: Redefining \. on input line 157.
LaTeX Info: Redefining \% on input line 157.
 [17]
LaTeX Info: Redefining \. on input line 187.
LaTeX Info: Redefining \% on input line 187.
 [18]
LaTeX Info: Redefining \. on input line 195.
LaTeX Info: Redefining \% on input line 195.
 [19]
LaTeX Info: Redefining \. on input line 195.
LaTeX Info: Redefining \% on input line 195.
 [20

]
Cap\'{\i }tulo 2.
\openout3 = `teo_bach.mtc'.

\openout3 = `teo_bach.mtc'.

(teo_bach.mtc3) [21]
LaTeX Info: Redefining \. on input line 203.
LaTeX Info: Redefining \% on input line 203.

Overfull \hbox (80.27945pt too wide) has occurred while \output is active
\OT1/cmr/m/n/10.95 22 \OT1/cmr/m/sl/10.95 CAP[]ITULO 2.  POLINOMIOS SOBRE EL CU
ERPO DE LOS REALES Y ECUACIONES
 []

[22

]
Cap\'{\i }tulo 3.
\openout3 = `teo_bach.mtc'.

\openout3 = `teo_bach.mtc'.

(teo_bach.mtc4) [23]
LaTeX Info: Redefining \. on input line 247.
LaTeX Info: Redefining \% on input line 247.
 [24]
Cap\'{\i }tulo 4.
\openout3 = `teo_bach.mtc'.

\openout3 = `teo_bach.mtc'.

(teo_bach.mtc5)) [25

]
:<-
:<+ Analisis.tex.tex
\openout2 = `Analisis.aux'.

(Analisis.tex
LaTeX Info: Redefining \. on input line 1.
LaTeX Info: Redefining \% on input line 1.
 [26





] [27] [28]
Cap\'{\i }tulo 5.
\openout3 = `teo_bach.mtc'.

\openout3 = `teo_bach.mtc'.

(teo_bach.mtc6) [29

]

Package hyperref Warning: Token not allowed in a PDF string (Unicode):
(hyperref)                removing `math shift' on input line 7.


Package hyperref Warning: Token not allowed in a PDF string (Unicode):
(hyperref)                removing `math shift' on input line 7.

LaTeX Info: Redefining \. on input line 52.
LaTeX Info: Redefining \% on input line 52.
[30]
LaTeX Info: Redefining \. on input line 80.
LaTeX Info: Redefining \% on input line 80.
 [31]
LaTeX Info: Redefining \. on input line 80.
LaTeX Info: Redefining \% on input line 80.
 [32

]
Cap\'{\i }tulo 6.
\openout3 = `teo_bach.mtc'.

\openout3 = `teo_bach.mtc'.

(teo_bach.mtc7) [33]
Underfull \hbox (badness 10000) in paragraph at lines 102--105

 []


Overfull \hbox (2.36531pt too wide) in paragraph at lines 128--129
[][]\OT1/cmr/m/n/10.95 Tomemos un $\OML/cmm/m/it/10.95 " < \OT1/cmr/m/n/10.95 0
$ en-ton-ces to-man-do co-mo $\OML/cmm/m/it/10.95 ^^N < min\OMS/cmsy/m/n/10.95 
f\OT1/cmr/m/n/10.95 1\OML/cmm/m/it/10.95 ; []\OMS/cmsy/m/n/10.95 g )
 []

LaTeX Info: Redefining \. on input line 139.
LaTeX Info: Redefining \% on input line 139.
[34]
LaTeX Info: Redefining \. on input line 162.
LaTeX Info: Redefining \% on input line 162.
 [35]
LaTeX Info: Redefining \. on input line 162.
LaTeX Info: Redefining \% on input line 162.
 [36

]
Cap\'{\i }tulo 7.

Package hyperref Warning: Token not allowed in a PDF string (Unicode):
(hyperref)                removing `math shift' on input line 162.


Package hyperref Warning: Token not allowed in a PDF string (Unicode):
(hyperref)                removing `math shift' on input line 162.

\openout3 = `teo_bach.mtc'.

\openout3 = `teo_bach.mtc'.

(teo_bach.mtc8) [37]
LaTeX Info: Redefining \. on input line 212.
LaTeX Info: Redefining \% on input line 212.
 [38]
Cap\'{\i }tulo 8.

Package hyperref Warning: Token not allowed in a PDF string (Unicode):
(hyperref)                removing `math shift' on input line 212.


Package hyperref Warning: Token not allowed in a PDF string (Unicode):
(hyperref)                removing `math shift' on input line 212.

\openout3 = `teo_bach.mtc'.

\openout3 = `teo_bach.mtc'.

(teo_bach.mtc9) [39

]
LaTeX Info: Redefining \. on input line 257.
LaTeX Info: Redefining \% on input line 257.
 [40]
LaTeX Info: Redefining \. on input line 267.
LaTeX Info: Redefining \% on input line 267.
 [41]
Underfull \hbox (badness 10000) in paragraph at lines 270--271

 []


Overfull \hbox (72.47342pt too wide) in paragraph at lines 272--279
[][][] 
 []


Overfull \hbox (19.605pt too wide) in paragraph at lines 285--313
 [][] 
 []

LaTeX Info: Redefining \. on input line 315.
LaTeX Info: Redefining \% on input line 315.
[42]
LaTeX Info: Redefining \. on input line 327.
LaTeX Info: Redefining \% on input line 327.

Overfull \hbox (5.99022pt too wide) has occurred while \output is active
\OT1/cmr/m/sl/10.95 8.4.  ALGUNAS DEMOSTRACIONES DE F[]ORMULAS DE DERIVADAS \OT
1/cmr/m/n/10.95 43
 []

[43]
LaTeX Info: Redefining \. on input line 327.
LaTeX Info: Redefining \% on input line 327.
 [44

]
Cap\'{\i }tulo 9.
\openout3 = `teo_bach.mtc'.

\openout3 = `teo_bach.mtc'.

(teo_bach.mtc10) [45]
LaTeX Info: Redefining \. on input line 341.
LaTeX Info: Redefining \% on input line 341.
 [46]
Cap\'{\i }tulo 10.
\openout3 = `teo_bach.mtc'.

\openout3 = `teo_bach.mtc'.

(teo_bach.mtc11) [47

]
LaTeX Info: Redefining \. on input line 377.
LaTeX Info: Redefining \% on input line 377.
 [48]
<imagenes_analisis//representacion1.png, id=703, 141.88179pt x 96.36pt>
File: imagenes_analisis//representacion1.png Graphic file (type png)
<use imagenes_analisis//representacion1.png>
Package pdftex.def Info: imagenes_analisis//representacion1.png  used on input 
line 392.
(pdftex.def)             Requested size: 177.35178pt x 120.44968pt.
<imagenes_analisis//representacion2.png, id=705, 168.63pt x 113.13994pt>
File: imagenes_analisis//representacion2.png Graphic file (type png)
<use imagenes_analisis//representacion2.png>
Package pdftex.def Info: imagenes_analisis//representacion2.png  used on input 
line 395.
(pdftex.def)             Requested size: 210.78697pt x 141.42456pt.

Overfull \hbox (35.43874pt too wide) in paragraph at lines 392--396
[][][][][] 
 []

LaTeX Info: Redefining \. on input line 400.
LaTeX Info: Redefining \% on input line 400.
[49 <./imagenes_analisis//representacion1.png> <./imagenes_analisis//representa
cion2.png>]
LaTeX Info: Redefining \. on input line 415.
LaTeX Info: Redefining \% on input line 415.
 [50]
LaTeX Info: Redefining \. on input line 444.
LaTeX Info: Redefining \% on input line 444.
 [51]
<imagenes_analisis/representacion/funciones1.png, id=736, 385.44pt x 386.19281p
t>
File: imagenes_analisis/representacion/funciones1.png Graphic file (type png)
<use imagenes_analisis/representacion/funciones1.png>
Package pdftex.def Info: imagenes_analisis/representacion/funciones1.png  used 
on input line 453.
(pdftex.def)             Requested size: 154.17326pt x 154.47438pt.
LaTeX Info: Redefining \. on input line 465.
LaTeX Info: Redefining \% on input line 465.
 [52 <./imagenes_analisis/representacion/funciones1.png>]
Cap\'{\i }tulo 11.

Package hyperref Warning: Token not allowed in a PDF string (Unicode):
(hyperref)                removing `math shift' on input line 465.


Package hyperref Warning: Token not allowed in a PDF string (Unicode):
(hyperref)                removing `math shift' on input line 465.

\openout3 = `teo_bach.mtc'.

\openout3 = `teo_bach.mtc'.

(teo_bach.mtc12) [53

]
<imagenes_analisis//integrales1.png, id=755, 882.29625pt x 614.295pt>
File: imagenes_analisis//integrales1.png Graphic file (type png)
<use imagenes_analisis//integrales1.png>
Package pdftex.def Info: imagenes_analisis//integrales1.png  used on input line
 479.
(pdftex.def)             Requested size: 220.57352pt x 153.57336pt.

Overfull \hbox (3.62874pt too wide) in paragraph at lines 484--485
[][]\OT1/cmr/m/n/10.95 Entonces po-de-mos ha-cer una pri-me-ra apro-xi-ma-ci^^S
on del ^^Sarea por rect^^Sangu-
 []

<imagenes_analisis//Integrales2.png, id=756, 1056.19594pt x 655.69969pt>
File: imagenes_analisis//Integrales2.png Graphic file (type png)
<use imagenes_analisis//Integrales2.png>
Package pdftex.def Info: imagenes_analisis//Integrales2.png  used on input line
 491.
(pdftex.def)             Requested size: 158.42255pt x 98.35071pt.
<imagenes_analisis//Integrales3.png, id=757, 1097.60063pt x 660.21657pt>
File: imagenes_analisis//Integrales3.png Graphic file (type png)
<use imagenes_analisis//Integrales3.png>
Package pdftex.def Info: imagenes_analisis//Integrales3.png  used on input line
 494.
(pdftex.def)             Requested size: 164.63298pt x 99.0282pt.
<imagenes_analisis//Integrales4.png, id=758, 832.61063pt x 574.39594pt>
File: imagenes_analisis//Integrales4.png Graphic file (type png)
<use imagenes_analisis//Integrales4.png>
Package pdftex.def Info: imagenes_analisis//Integrales4.png  used on input line
 509.
(pdftex.def)             Requested size: 208.15215pt x 143.59862pt.
LaTeX Info: Redefining \. on input line 513.
LaTeX Info: Redefining \% on input line 513.
[54 <./imagenes_analisis//integrales1.png> <./imagenes_analisis//Integrales2.pn
g> <./imagenes_analisis//Integrales3.png>]
LaTeX Info: Redefining \. on input line 525.
LaTeX Info: Redefining \% on input line 525.
 [55 <./imagenes_analisis//Integrales4.png>]
Underfull \hbox (badness 10000) in paragraph at lines 537--538

 []


Underfull \hbox (badness 10000) in paragraph at lines 546--547

 []


Overfull \hbox (35.8423pt too wide) in paragraph at lines 548--567
 [][] 
 []

LaTeX Info: Redefining \. on input line 572.
LaTeX Info: Redefining \% on input line 572.
[56]
LaTeX Info: Redefining \. on input line 607.
LaTeX Info: Redefining \% on input line 607.
 [57])
LaTeX Info: Redefining \. on input line 51.
LaTeX Info: Redefining \% on input line 51.
 [58]
:<-
:<+ EjerciciosAM.tex.tex
\openout2 = `EjerciciosAM.aux'.

(EjerciciosAM.tex [59





] [60]
Cap\'{\i }tulo 12.
\openout3 = `teo_bach.mtc'.

\openout3 = `teo_bach.mtc'.

(teo_bach.mtc13))
Underfull \vbox (badness 1708) has occurred while \output is active []

 [61

]
LaTeX Info: Redefining \. on input line 52.
LaTeX Info: Redefining \% on input line 52.

[62]
:<-
:<+ Algebra.tex.tex
\openout2 = `Algebra.aux'.

(Algebra.tex [63





] [64]
Cap\'{\i }tulo 13.
[65

]
LaTeX Info: Redefining \. on input line 3.
LaTeX Info: Redefining \% on input line 3.
 [66

]
Cap\'{\i }tulo 14.
[67]
LaTeX Info: Redefining \. on input line 4.
LaTeX Info: Redefining \% on input line 4.
 [68

]
Cap\'{\i }tulo 15.
[69]
LaTeX Info: Redefining \. on input line 5.
LaTeX Info: Redefining \% on input line 5.
 [70

]
Cap\'{\i }tulo 16.
[71]
LaTeX Info: Redefining \. on input line 6.
LaTeX Info: Redefining \% on input line 6.
 [72

]
Cap\'{\i }tulo 17.
) [73]
:<-
:<+ Probabilidad.tex.tex
\openout2 = `Probabilidad.aux'.

(Probabilidad.tex
LaTeX Info: Redefining \. on input line 1.
LaTeX Info: Redefining \% on input line 1.
 [74





] [75] [76]
Cap\'{\i }tulo 18.
[77

]
LaTeX Info: Redefining \. on input line 4.
LaTeX Info: Redefining \% on input line 4.
 [78

]
Cap\'{\i }tulo 19.
[79]
LaTeX Info: Redefining \. on input line 5.
LaTeX Info: Redefining \% on input line 5.
 [80

]
Cap\'{\i }tulo 20.
) [81]
:<-
Package minitoc Info: I0009
(minitoc)             Listing minitoc auxiliary files. 
(minitoc)             Creating the teo_bach.maf file.
\openout3 = `teo_bach.maf'.

Package minitoc(hints) Info: I0053
(minitoc(hints))             You have loaded the float package; 
(minitoc(hints))             please be aware that the minitoc package 
(minitoc(hints))             facilities can not be used for new types 
(minitoc(hints))             of floats defined by the float package.

Package minitoc(hints) Warning: W0024
(minitoc(hints))                Some hints have been written 
(minitoc(hints))                in the teo_bach.log file.

LaTeX Info: Redefining \. on input line 55.
LaTeX Info: Redefining \% on input line 55.
[82


] (teo_bach.aux
LaTeX Info: Redefining \. on input line 22.
LaTeX Info: Redefining \% on input line 22.
 (Indice.aux) (Repaso.aux) (Analisis.aux) (EjerciciosAM.aux)
(Algebra.aux) (Probabilidad.aux))

LaTeX Warning: There were multiply-defined labels.

Package rerunfilecheck Info: File `teo_bach.out' has not changed.
(rerunfilecheck)             Checksum: 9DE3F853445E3E6DF953349102BFC797;13995.
 ) 
Here is how much of TeX's memory you used:
 16293 strings out of 476339
 266169 string characters out of 5788120
 1865340 words of memory out of 5000000
 35913 multiletter control sequences out of 15000+600000
 529517 words of font info for 97 fonts, out of 8000000 for 9000
 1141 hyphenation exceptions out of 8191
 75i,16n,79p,564b,793s stack positions out of 10000i,1000n,20000p,200000b,200000s
 <C:\Users\Pedro\AppData\Local\MiKTeX\fonts/pk/ljfour/jknappen/ec/dpi600\tcrm
1095.pk> <C:\Users\Pedro\AppData\Local\MiKTeX\fonts/pk/ljfour/jknappen/ec/dpi60
0\tcbx1095.pk><C:/Users/Pedro/AppData/Local/Programs/MiKTeX/fonts/type1/public/
amsfonts/cm/cmbx10.pfb><C:/Users/Pedro/AppData/Local/Programs/MiKTeX/fonts/type
1/public/amsfonts/cm/cmbx12.pfb><C:/Users/Pedro/AppData/Local/Programs/MiKTeX/f
onts/type1/public/amsfonts/cm/cmbxti10.pfb><C:/Users/Pedro/AppData/Local/Progra
ms/MiKTeX/fonts/type1/public/amsfonts/cm/cmex10.pfb><C:/Users/Pedro/AppData/Loc
al/Programs/MiKTeX/fonts/type1/public/amsfonts/cm/cmmi10.pfb><C:/Users/Pedro/Ap
pData/Local/Programs/MiKTeX/fonts/type1/public/amsfonts/cm/cmmi6.pfb><C:/Users/
Pedro/AppData/Local/Programs/MiKTeX/fonts/type1/public/amsfonts/cm/cmmi8.pfb><C
:/Users/Pedro/AppData/Local/Programs/MiKTeX/fonts/type1/public/amsfonts/cm/cmr1
0.pfb><C:/Users/Pedro/AppData/Local/Programs/MiKTeX/fonts/type1/public/amsfonts
/cm/cmr12.pfb><C:/Users/Pedro/AppData/Local/Programs/MiKTeX/fonts/type1/public/
amsfonts/cm/cmr6.pfb><C:/Users/Pedro/AppData/Local/Programs/MiKTeX/fonts/type1/
public/amsfonts/cm/cmr8.pfb><C:/Users/Pedro/AppData/Local/Programs/MiKTeX/fonts
/type1/public/amsfonts/cm/cmr9.pfb><C:/Users/Pedro/AppData/Local/Programs/MiKTe
X/fonts/type1/public/amsfonts/cm/cmsl10.pfb><C:/Users/Pedro/AppData/Local/Progr
ams/MiKTeX/fonts/type1/public/amsfonts/cm/cmsy10.pfb><C:/Users/Pedro/AppData/Lo
cal/Programs/MiKTeX/fonts/type1/public/amsfonts/cm/cmsy6.pfb><C:/Users/Pedro/Ap
pData/Local/Programs/MiKTeX/fonts/type1/public/amsfonts/cm/cmsy8.pfb><C:/Users/
Pedro/AppData/Local/Programs/MiKTeX/fonts/type1/public/amsfonts/cm/cmti10.pfb><
C:/Users/Pedro/AppData/Local/Programs/MiKTeX/fonts/type1/public/amsfonts/cm/cmt
i12.pfb><C:/Users/Pedro/AppData/Local/Programs/MiKTeX/fonts/type1/public/amsfon
ts/cm/cmtt10.pfb><C:/Users/Pedro/AppData/Local/Programs/MiKTeX/fonts/type1/publ
ic/amsfonts/symbols/msbm10.pfb>
Output written on teo_bach.pdf (82 pages, 620711 bytes).
PDF statistics:
 1052 PDF objects out of 1200 (max. 8388607)
 250 named destinations out of 1000 (max. 500000)
 644 words of extra memory for PDF output out of 10000 (max. 10000000)

